Следующая страница - https://www.avito.ru/dagestan/kvartiry/prodam-ASgBAgICAUSSA8YQ?cd=1&q=%D0%B3%D0%BE%D1%80%D0%BE%D0%B4+%D0%9C%D0%B0%D1%85%D0%B0%D1%87%D0%BA%D0%B0%D0%BB%D0%B0&p=2
Следующая страница - https://www.avito.ru/dagestan/kvartiry/prodam-ASgBAgICAUSSA8YQ?cd=1&p=3&q=%D0%B3%D0%BE%D1%80%D0%BE%D0%B4+%D0%9C%D0%B0%D1%85%D0%B0%D1%87%D0%BA%D0%B0%D0%BB%D0%B0
Следующая страница - https://www.avito.ru/dagestan/kvartiry/prodam-ASgBAgICAUSSA8YQ?cd=1&p=4&q=%D0%B3%D0%BE%D1%80%D0%BE%D0%B4+%D0%9C%D0%B0%D1%85%D0%B0%D1%87%D0%BA%D0%B0%D0%BB%D0%B0
Следующая страница - https://www.avito.ru/dagestan/kvartiry/prodam-ASgBAgICAUSSA8YQ?cd=1&p=5&q=%D0%B3%D0%BE%D1%80%D0%BE%D0%B4+%D0%9C%D0%B0%D1%85%D0%B0%D1%87%D0%BA%D0%B0%D0%BB%D0%B0
Следующая страница - https://www.avito.ru/dagestan/kvartiry/prodam-ASgBAgICAUSSA8YQ?cd=1&p=6&q=%D0%B3%D0%BE%D1%80%D0%BE%D0%B4+%D0%9C%D0%B0%D1%85%D0%B0%D1%87%D0%BA%D0%B0%D0%BB%D0%B0
Следующая страница - https://www.avito.ru/dagestan/kvartiry/prodam-ASgBAgICAUSSA8YQ?cd=1&p=7&q=%D0%B3%D0%BE%D1%80%D0%BE%D0%B4+%D0%9C%D0%B0%D1%85%D0%B0%D1%87%D0%BA%D0%B0%D0%BB%D0%B0
Следующая страница - https://www.avito.ru/dagestan/kvartiry/prodam-ASgBAgICAUSSA8YQ?cd=1&p=8&q=%D0%B3%D0%BE%D1%80%D0%BE%D0%B4+%D0%9C%D0%B0%D1%85%D0%B0%D1%87%D0%BA%D0%B0%D0%BB%D0%B0
Следующая страница - https://www.avito.ru/dagestan/kvartiry/prodam-ASgBAgICAUSSA8YQ?cd=1&p=9&q=%D0%B3%D0%BE%D1%80%D0%BE%D0%B4+%D0%9C%D0%B0%D1%85%D0%B0%D1%87%D0%BA%D0%B0%D0%BB%D0%B0
Следующая страница - https://www.avito.ru/dagestan/kvartiry/prodam-ASgBAgICAUSSA8YQ?cd=1&p=10&q=%D0%B3%D0%BE%D1%80%D0%BE%D0%B4+%D0%9C%D0%B0%D1%85%D0%B0%D1%87%D0%BA%D0%B0%D0%BB%D0%B0
Следующая страница - https://www.avito.ru/dagestan/kvartiry/prodam-ASgBAgICAUSSA8YQ?cd=1&p=11&q=%D0%B3%D0%BE%D1%80%D0%BE%D0%B4+%D0%9C%D0%B0%D1%85%D0%B0%D1%87%D0%BA%D0%B0%D0%BB%D0%B0
Следующая страница - https://www.avito.ru/dagestan/kvartiry/prodam-ASgBAgICAUSSA8YQ?cd=1&p=12&q=%D0%B3%D0%BE%D1%80%D0%BE%D0%B4+%D0%9C%D0%B0%D1%85%D0%B0%D1%87%D0%BA%D0%B0%D0%BB%D0%B0
Следующая страница - https://www.avito.ru/dagestan/kvartiry/prodam-ASgBAgICAUSSA8YQ?cd=1&p=13&q=%D0%B3%D0%BE%D1%80%D0%BE%D0%B4+%D0%9C%D0%B0%D1%85%D0%B0%D1%87%D0%BA%D0%B0%D0%BB%D0%B0
Следующая страница - https://www.avito.ru/dagestan/kvartiry/prodam-ASgBAgICAUSSA8YQ?cd=1&p=14&q=%D0%B3%D0%BE%D1%80%D0%BE%D0%B4+%D0%9C%D0%B0%D1%85%D0%B0%D1%87%D0%BA%D0%B0%D0%BB%D0%B0
Следующая страница - https://www.avito.ru/dagestan/kvartiry/prodam-ASgBAgICAUSSA8YQ?cd=1&p=15&q=%D0%B3%D0%BE%D1%80%D0%BE%D0%B4+%D0%9C%D0%B0%D1%85%D0%B0%D1%87%D0%BA%D0%B0%D0%BB%D0%B0
Следующая страница - https://www.avito.ru/dagestan/kvartiry/prodam-ASgBAgICAUSSA8YQ?cd=1&p=16&q=%D0%B3%D0%BE%D1%80%D0%BE%D0%B4+%D0%9C%D0%B0%D1%85%D0%B0%D1%87%D0%BA%D0%B0%D0%BB%D0%B0
Следующая страница - https://www.avito.ru/dagestan/kvartiry/prodam-ASgBAgICAUSSA8YQ?cd=1&p=17&q=%D0%B3%D0%BE%D1%80%D0%BE%D0%B4+%D0%9C%D0%B0%D1%85%D0%B0%D1%87%D0%BA%D0%B0%D0%BB%D0%B0
Следующая страница - https://www.avito.ru/dagestan/kvartiry/prodam-ASgBAgICAUSSA8YQ?cd=1&p=18&q=%D0%B3%D0%BE%D1%80%D0%BE%D0%B4+%D0%9C%D0%B0%D1%85%D0%B0%D1%87%D0%BA%D0%B0%D0%BB%D0%B0
Следующая страница - https://www.avito.ru/dagestan/kvartiry/prodam-ASgBAgICAUSSA8YQ?cd=1&p=19&q=%D0%B3%D0%BE%D1%80%D0%BE%D0%B4+%D0%9C%D0%B0%D1%85%D0%B0%D1%87%D0%BA%D0%B0%D0%BB%D0%B0
Следующая страница - https://www.avito.ru/dagestan/kvartiry/prodam-ASgBAgICAUSSA8YQ?cd=1&p=20&q=%D0%B3%D0%BE%D1%80%D0%BE%D0%B4+%D0%9C%D0%B0%D1%85%D0%B0%D1%87%D0%BA%D0%B0%D0%BB%D0%B0
Следующая страница - https://www.avito.ru/dagestan/kvartiry/prodam-ASgBAgICAUSSA8YQ?cd=1&p=21&q=%D0%B3%D0%BE%D1%80%D0%BE%D0%B4+%D0%9C%D0%B0%D1%85%D0%B0%D1%87%D0%BA%D0%B0%D0%BB%D0%B0
Следующая страница - https://www.avito.ru/dagestan/kvartiry/prodam-ASgBAgICAUSSA8YQ?cd=1&p=22&q=%D0%B3%D0%BE%D1%80%D0%BE%D0%B4+%D0%9C%D0%B0%D1%85%D0%B0%D1%87%D0%BA%D0%B0%D0%BB%D0%B0
Следующая страница - https://www.avito.ru/dagestan/kvartiry/prodam-ASgBAgICAUSSA8YQ?cd=1&p=23&q=%D0%B3%D0%BE%D1%80%D0%BE%D0%B4+%D0%9C%D0%B0%D1%85%D0%B0%D1%87%D0%BA%D0%B0%D0%BB%D0%B0
Следующая страница - https://www.avito.ru/dagestan/kvartiry/prodam-ASgBAgICAUSSA8YQ?cd=1&p=24&q=%D0%B3%D0%BE%D1%80%D0%BE%D0%B4+%D0%9C%D0%B0%D1%85%D0%B0%D1%87%D0%BA%D0%B0%D0%BB%D0%B0
Следующая страница - https://www.avito.ru/dagestan/kvartiry/prodam-ASgBAgICAUSSA8YQ?cd=1&p=25&q=%D0%B3%D0%BE%D1%80%D0%BE%D0%B4+%D0%9C%D0%B0%D1%85%D0%B0%D1%87%D0%BA%D0%B0%D0%BB%D0%B0
Следующая страница - https://www.avito.ru/dagestan/kvartiry/prodam-ASgBAgICAUSSA8YQ?cd=1&p=26&q=%D0%B3%D0%BE%D1%80%D0%BE%D0%B4+%D0%9C%D0%B0%D1%85%D0%B0%D1%87%D0%BA%D0%B0%D0%BB%D0%B0
Следующая страница - https://www.avito.ru/dagestan/kvartiry/prodam-ASgBAgICAUSSA8YQ?cd=1&p=27&q=%D0%B3%D0%BE%D1%80%D0%BE%D0%B4+%D0%9C%D0%B0%D1%85%D0%B0%D1%87%D0%BA%D0%B0%D0%BB%D0%B0
Следующая страница - https://www.avito.ru/dagestan/kvartiry/prodam-ASgBAgICAUSSA8YQ?cd=1&p=28&q=%D0%B3%D0%BE%D1%80%D0%BE%D0%B4+%D0%9C%D0%B0%D1%85%D0%B0%D1%87%D0%BA%D0%B0%D0%BB%D0%B0
Следующая страница - https://www.avito.ru/dagestan/kvartiry/prodam-ASgBAgICAUSSA8YQ?cd=1&p=29&q=%D0%B3%D0%BE%D1%80%D0%BE%D0%B4+%D0%9C%D0%B0%D1%85%D0%B0%D1%87%D0%BA%D0%B0%D0%BB%D0%B0
Следующая страница - https://www.avito.ru/dagestan/kvartiry/prodam-ASgBAgICAUSSA8YQ?cd=1&p=30&q=%D0%B3%D0%BE%D1%80%D0%BE%D0%B4+%D0%9C%D0%B0%D1%85%D0%B0%D1%87%D0%BA%D0%B0%D0%BB%D0%B0
Следующая страница - https://www.avito.ru/dagestan/kvartiry/prodam-ASgBAgICAUSSA8YQ?cd=1&p=31&q=%D0%B3%D0%BE%D1%80%D0%BE%D0%B4+%D0%9C%D0%B0%D1%85%D0%B0%D1%87%D0%BA%D0%B0%D0%BB%D0%B0
Следующая страница - https://www.avito.ru/dagestan/kvartiry/prodam-ASgBAgICAUSSA8YQ?cd=1&p=32&q=%D0%B3%D0%BE%D1%80%D0%BE%D0%B4+%D0%9C%D0%B0%D1%85%D0%B0%D1%87%D0%BA%D0%B0%D0%BB%D0%B0
Следующая страница - https://www.avito.ru/dagestan/kvartiry/prodam-ASgBAgICAUSSA8YQ?cd=1&p=33&q=%D0%B3%D0%BE%D1%80%D0%BE%D0%B4+%D0%9C%D0%B0%D1%85%D0%B0%D1%87%D0%BA%D0%B0%D0%BB%D0%B0
Следующая страница - https://www.avito.ru/dagestan/kvartiry/prodam-ASgBAgICAUSSA8YQ?cd=1&p=34&q=%D0%B3%D0%BE%D1%80%D0%BE%D0%B4+%D0%9C%D0%B0%D1%85%D0%B0%D1%87%D0%BA%D0%B0%D0%BB%D0%B0
Следующая страница - https://www.avito.ru/dagestan/kvartiry/prodam-ASgBAgICAUSSA8YQ?cd=1&p=35&q=%D0%B3%D0%BE%D1%80%D0%BE%D0%B4+%D0%9C%D0%B0%D1%85%D0%B0%D1%87%D0%BA%D0%B0%D0%BB%D0%B0
Следующая страница - https://www.avito.ru/dagestan/kvartiry/prodam-ASgBAgICAUSSA8YQ?cd=1&p=36&q=%D0%B3%D0%BE%D1%80%D0%BE%D0%B4+%D0%9C%D0%B0%D1%85%D0%B0%D1%87%D0%BA%D0%B0%D0%BB%D0%B0
Нет более страниц - https://www.avito.ru/dagestan/kvartiry/prodam-ASgBAgICAUSSA8YQ?cd=1&p=36&q=%D0%B3%D0%BE%D1%80%D0%BE%D0%B4+%D0%9C%D0%B0%D1%85%D0%B0%D1%87%D0%BA%D0%B0%D0%BB%D0%B0
Added 1783 urls
Следующая страница - https://www.avito.ru/dagestan/kvartiry/prodam/vtorichka-ASgBAQICAUSSA8YQAUDmBxSMUg?cd=1&q=%D0%B3%D0%BE%D1%80%D0%BE%D0%B4+%D0%9C%D0%B0%D1%85%D0%B0%D1%87%D0%BA%D0%B0%D0%BB%D0%B0&p=2
Следующая страница - https://www.avito.ru/dagestan/kvartiry/prodam/vtorichka-ASgBAQICAUSSA8YQAUDmBxSMUg?cd=1&p=3&q=%D0%B3%D0%BE%D1%80%D0%BE%D0%B4+%D0%9C%D0%B0%D1%85%D0%B0%D1%87%D0%BA%D0%B0%D0%BB%D0%B0
Следующая страница - https://www.avito.ru/dagestan/kvartiry/prodam/vtorichka-ASgBAQICAUSSA8YQAUDmBxSMUg?cd=1&p=4&q=%D0%B3%D0%BE%D1%80%D0%BE%D0%B4+%D0%9C%D0%B0%D1%85%D0%B0%D1%87%D0%BA%D0%B0%D0%BB%D0%B0
Следующая страница - https://www.avito.ru/dagestan/kvartiry/prodam/vtorichka-ASgBAQICAUSSA8YQAUDmBxSMUg?cd=1&p=5&q=%D0%B3%D0%BE%D1%80%D0%BE%D0%B4+%D0%9C%D0%B0%D1%85%D0%B0%D1%87%D0%BA%D0%B0%D0%BB%D0%B0
Следующая страница - https://www.avito.ru/dagestan/kvartiry/prodam/vtorichka-ASgBAQICAUSSA8YQAUDmBxSMUg?cd=1&p=6&q=%D0%B3%D0%BE%D1%80%D0%BE%D0%B4+%D0%9C%D0%B0%D1%85%D0%B0%D1%87%D0%BA%D0%B0%D0%BB%D0%B0
Следующая страница - https://www.avito.ru/dagestan/kvartiry/prodam/vtorichka-ASgBAQICAUSSA8YQAUDmBxSMUg?cd=1&p=7&q=%D0%B3%D0%BE%D1%80%D0%BE%D0%B4+%D0%9C%D0%B0%D1%85%D0%B0%D1%87%D0%BA%D0%B0%D0%BB%D0%B0
Следующая страница - https://www.avito.ru/dagestan/kvartiry/prodam/vtorichka-ASgBAQICAUSSA8YQAUDmBxSMUg?cd=1&p=8&q=%D0%B3%D0%BE%D1%80%D0%BE%D0%B4+%D0%9C%D0%B0%D1%85%D0%B0%D1%87%D0%BA%D0%B0%D0%BB%D0%B0
Следующая страница - https://www.avito.ru/dagestan/kvartiry/prodam/vtorichka-ASgBAQICAUSSA8YQAUDmBxSMUg?cd=1&p=9&q=%D0%B3%D0%BE%D1%80%D0%BE%D0%B4+%D0%9C%D0%B0%D1%85%D0%B0%D1%87%D0%BA%D0%B0%D0%BB%D0%B0
Следующая страница - https://www.avito.ru/dagestan/kvartiry/prodam/vtorichka-ASgBAQICAUSSA8YQAUDmBxSMUg?cd=1&p=10&q=%D0%B3%D0%BE%D1%80%D0%BE%D0%B4+%D0%9C%D0%B0%D1%85%D0%B0%D1%87%D0%BA%D0%B0%D0%BB%D0%B0
Следующая страница - https://www.avito.ru/dagestan/kvartiry/prodam/vtorichka-ASgBAQICAUSSA8YQAUDmBxSMUg?cd=1&p=11&q=%D0%B3%D0%BE%D1%80%D0%BE%D0%B4+%D0%9C%D0%B0%D1%85%D0%B0%D1%87%D0%BA%D0%B0%D0%BB%D0%B0
Следующая страница - https://www.avito.ru/dagestan/kvartiry/prodam/vtorichka-ASgBAQICAUSSA8YQAUDmBxSMUg?cd=1&p=12&q=%D0%B3%D0%BE%D1%80%D0%BE%D0%B4+%D0%9C%D0%B0%D1%85%D0%B0%D1%87%D0%BA%D0%B0%D0%BB%D0%B0
Следующая страница - https://www.avito.ru/dagestan/kvartiry/prodam/vtorichka-ASgBAQICAUSSA8YQAUDmBxSMUg?cd=1&p=13&q=%D0%B3%D0%BE%D1%80%D0%BE%D0%B4+%D0%9C%D0%B0%D1%85%D0%B0%D1%87%D0%BA%D0%B0%D0%BB%D0%B0
Следующая страница - https://www.avito.ru/dagestan/kvartiry/prodam/vtorichka-ASgBAQICAUSSA8YQAUDmBxSMUg?cd=1&p=14&q=%D0%B3%D0%BE%D1%80%D0%BE%D0%B4+%D0%9C%D0%B0%D1%85%D0%B0%D1%87%D0%BA%D0%B0%D0%BB%D0%B0
Следующая страница - https://www.avito.ru/dagestan/kvartiry/prodam/vtorichka-ASgBAQICAUSSA8YQAUDmBxSMUg?cd=1&p=15&q=%D0%B3%D0%BE%D1%80%D0%BE%D0%B4+%D0%9C%D0%B0%D1%85%D0%B0%D1%87%D0%BA%D0%B0%D0%BB%D0%B0
Следующая страница - https://www.avito.ru/dagestan/kvartiry/prodam/vtorichka-ASgBAQICAUSSA8YQAUDmBxSMUg?cd=1&p=16&q=%D0%B3%D0%BE%D1%80%D0%BE%D0%B4+%D0%9C%D0%B0%D1%85%D0%B0%D1%87%D0%BA%D0%B0%D0%BB%D0%B0
Следующая страница - https://www.avito.ru/dagestan/kvartiry/prodam/vtorichka-ASgBAQICAUSSA8YQAUDmBxSMUg?cd=1&p=17&q=%D0%B3%D0%BE%D1%80%D0%BE%D0%B4+%D0%9C%D0%B0%D1%85%D0%B0%D1%87%D0%BA%D0%B0%D0%BB%D0%B0
Следующая страница - https://www.avito.ru/dagestan/kvartiry/prodam/vtorichka-ASgBAQICAUSSA8YQAUDmBxSMUg?cd=1&p=18&q=%D0%B3%D0%BE%D1%80%D0%BE%D0%B4+%D0%9C%D0%B0%D1%85%D0%B0%D1%87%D0%BA%D0%B0%D0%BB%D0%B0
Следующая страница - https://www.avito.ru/dagestan/kvartiry/prodam/vtorichka-ASgBAQICAUSSA8YQAUDmBxSMUg?cd=1&p=19&q=%D0%B3%D0%BE%D1%80%D0%BE%D0%B4+%D0%9C%D0%B0%D1%85%D0%B0%D1%87%D0%BA%D0%B0%D0%BB%D0%B0
Следующая страница - https://www.avito.ru/dagestan/kvartiry/prodam/vtorichka-ASgBAQICAUSSA8YQAUDmBxSMUg?cd=1&p=20&q=%D0%B3%D0%BE%D1%80%D0%BE%D0%B4+%D0%9C%D0%B0%D1%85%D0%B0%D1%87%D0%BA%D0%B0%D0%BB%D0%B0
Следующая страница - https://www.avito.ru/dagestan/kvartiry/prodam/vtorichka-ASgBAQICAUSSA8YQAUDmBxSMUg?cd=1&p=21&q=%D0%B3%D0%BE%D1%80%D0%BE%D0%B4+%D0%9C%D0%B0%D1%85%D0%B0%D1%87%D0%BA%D0%B0%D0%BB%D0%B0
Следующая страница - https://www.avito.ru/dagestan/kvartiry/prodam/vtorichka-ASgBAQICAUSSA8YQAUDmBxSMUg?cd=1&p=22&q=%D0%B3%D0%BE%D1%80%D0%BE%D0%B4+%D0%9C%D0%B0%D1%85%D0%B0%D1%87%D0%BA%D0%B0%D0%BB%D0%B0
Следующая страница - https://www.avito.ru/dagestan/kvartiry/prodam/vtorichka-ASgBAQICAUSSA8YQAUDmBxSMUg?cd=1&p=23&q=%D0%B3%D0%BE%D1%80%D0%BE%D0%B4+%D0%9C%D0%B0%D1%85%D0%B0%D1%87%D0%BA%D0%B0%D0%BB%D0%B0
Следующая страница - https://www.avito.ru/dagestan/kvartiry/prodam/vtorichka-ASgBAQICAUSSA8YQAUDmBxSMUg?cd=1&p=24&q=%D0%B3%D0%BE%D1%80%D0%BE%D0%B4+%D0%9C%D0%B0%D1%85%D0%B0%D1%87%D0%BA%D0%B0%D0%BB%D0%B0
Следующая страница - https://www.avito.ru/dagestan/kvartiry/prodam/vtorichka-ASgBAQICAUSSA8YQAUDmBxSMUg?cd=1&p=25&q=%D0%B3%D0%BE%D1%80%D0%BE%D0%B4+%D0%9C%D0%B0%D1%85%D0%B0%D1%87%D0%BA%D0%B0%D0%BB%D0%B0
Следующая страница - https://www.avito.ru/dagestan/kvartiry/prodam/vtorichka-ASgBAQICAUSSA8YQAUDmBxSMUg?cd=1&p=26&q=%D0%B3%D0%BE%D1%80%D0%BE%D0%B4+%D0%9C%D0%B0%D1%85%D0%B0%D1%87%D0%BA%D0%B0%D0%BB%D0%B0
Следующая страница - https://www.avito.ru/dagestan/kvartiry/prodam/vtorichka-ASgBAQICAUSSA8YQAUDmBxSMUg?cd=1&p=27&q=%D0%B3%D0%BE%D1%80%D0%BE%D0%B4+%D0%9C%D0%B0%D1%85%D0%B0%D1%87%D0%BA%D0%B0%D0%BB%D0%B0
Нет более страниц - https://www.avito.ru/dagestan/kvartiry/prodam/vtorichka-ASgBAQICAUSSA8YQAUDmBxSMUg?cd=1&p=27&q=%D0%B3%D0%BE%D1%80%D0%BE%D0%B4+%D0%9C%D0%B0%D1%85%D0%B0%D1%87%D0%BA%D0%B0%D0%BB%D0%B0
Added 1328 urls
Следующая страница - https://www.avito.ru/dagestan/doma_dachi_kottedzhi/prodam-ASgBAgICAUSUA9AQ?cd=1&q=%D0%B3%D0%BE%D1%80%D0%BE%D0%B4+%D0%9C%D0%B0%D1%85%D0%B0%D1%87%D0%BA%D0%B0%D0%BB%D0%B0&p=2
Следующая страница - https://www.avito.ru/dagestan/doma_dachi_kottedzhi/prodam-ASgBAgICAUSUA9AQ?cd=1&p=3&q=%D0%B3%D0%BE%D1%80%D0%BE%D0%B4+%D0%9C%D0%B0%D1%85%D0%B0%D1%87%D0%BA%D0%B0%D0%BB%D0%B0
Следующая страница - https://www.avito.ru/dagestan/doma_dachi_kottedzhi/prodam-ASgBAgICAUSUA9AQ?cd=1&p=4&q=%D0%B3%D0%BE%D1%80%D0%BE%D0%B4+%D0%9C%D0%B0%D1%85%D0%B0%D1%87%D0%BA%D0%B0%D0%BB%D0%B0
Следующая страница - https://www.avito.ru/dagestan/doma_dachi_kottedzhi/prodam-ASgBAgICAUSUA9AQ?cd=1&p=5&q=%D0%B3%D0%BE%D1%80%D0%BE%D0%B4+%D0%9C%D0%B0%D1%85%D0%B0%D1%87%D0%BA%D0%B0%D0%BB%D0%B0
Следующая страница - https://www.avito.ru/dagestan/doma_dachi_kottedzhi/prodam-ASgBAgICAUSUA9AQ?cd=1&p=6&q=%D0%B3%D0%BE%D1%80%D0%BE%D0%B4+%D0%9C%D0%B0%D1%85%D0%B0%D1%87%D0%BA%D0%B0%D0%BB%D0%B0
Следующая страница - https://www.avito.ru/dagestan/doma_dachi_kottedzhi/prodam-ASgBAgICAUSUA9AQ?cd=1&p=7&q=%D0%B3%D0%BE%D1%80%D0%BE%D0%B4+%D0%9C%D0%B0%D1%85%D0%B0%D1%87%D0%BA%D0%B0%D0%BB%D0%B0
Нет более страниц - https://www.avito.ru/dagestan/doma_dachi_kottedzhi/prodam-ASgBAgICAUSUA9AQ?cd=1&p=7&q=%D0%B3%D0%BE%D1%80%D0%BE%D0%B4+%D0%9C%D0%B0%D1%85%D0%B0%D1%87%D0%BA%D0%B0%D0%BB%D0%B0
Added 346 urls
Нет более страниц - https://www.avito.ru/dagestan/komnaty/prodam-ASgBAgICAUSQA7wQ?cd=1&q=%D0%B3%D0%BE%D1%80%D0%BE%D0%B4+%D0%9C%D0%B0%D1%85%D0%B0%D1%87%D0%BA%D0%B0%D0%BB%D0%B0
Added 51 urls
Следующая страница - https://www.avito.ru/dagestan/zemelnye_uchastki?cd=1&q=%D0%B3%D0%BE%D1%80%D0%BE%D0%B4+%D0%9C%D0%B0%D1%85%D0%B0%D1%87%D0%BA%D0%B0%D0%BB%D0%B0&p=2
Следующая страница - https://www.avito.ru/dagestan/zemelnye_uchastki?cd=1&p=3&q=%D0%B3%D0%BE%D1%80%D0%BE%D0%B4+%D0%9C%D0%B0%D1%85%D0%B0%D1%87%D0%BA%D0%B0%D0%BB%D0%B0
Следующая страница - https://www.avito.ru/dagestan/zemelnye_uchastki?cd=1&p=4&q=%D0%B3%D0%BE%D1%80%D0%BE%D0%B4+%D0%9C%D0%B0%D1%85%D0%B0%D1%87%D0%BA%D0%B0%D0%BB%D0%B0
Нет более страниц - https://www.avito.ru/dagestan/zemelnye_uchastki?cd=1&p=4&q=%D0%B3%D0%BE%D1%80%D0%BE%D0%B4+%D0%9C%D0%B0%D1%85%D0%B0%D1%87%D0%BA%D0%B0%D0%BB%D0%B0
Added 172 urls
Нет более страниц - https://www.avito.ru/dagestan/garazhi_i_mashinomesta?cd=1&q=%D0%B3%D0%BE%D1%80%D0%BE%D0%B4+%D0%9C%D0%B0%D1%85%D0%B0%D1%87%D0%BA%D0%B0%D0%BB%D0%B0
Added 56 urls
Нет более страниц - https://www.avito.ru/dagestan/kommercheskaya_nedvizhimost/prodam-ASgBAgICAUSwCNJW?cd=1&q=%D0%B3%D0%BE%D1%80%D0%BE%D0%B4+%D0%9C%D0%B0%D1%85%D0%B0%D1%87%D0%BA%D0%B0%D0%BB%D0%B0
Added 38 urls
https://www.avito.ru/dagestan?forceLocation=1
Message: Unable to locate element: //input[contains(@class,'input-input-')]
Stacktrace:
RemoteError@chrome://remote/content/shared/RemoteError.sys.mjs:8:8
WebDriverError@chrome://remote/content/shared/webdriver/Errors.sys.mjs:182:5
NoSuchElementError@chrome://remote/content/shared/webdriver/Errors.sys.mjs:394:5
element.find/</<@chrome://remote/content/marionette/element.sys.mjs:134:16

Следующая страница - https://www.avito.ru/dagestan/doma_dachi_kottedzhi/prodam-ASgBAgICAUSUA9AQ?cd=1&q=%D0%B3%D0%BE%D1%80%D0%BE%D0%B4+%D0%A5%D0%B0%D1%81%D0%B0%D0%B2%D1%8E%D1%80%D1%82&p=2
Нет более страниц - https://www.avito.ru/dagestan/doma_dachi_kottedzhi/prodam-ASgBAgICAUSUA9AQ?cd=1&p=2&q=%D0%B3%D0%BE%D1%80%D0%BE%D0%B4+%D0%A5%D0%B0%D1%81%D0%B0%D0%B2%D1%8E%D1%80%D1%82
Added 68 urls
Нет более страниц - https://www.avito.ru/dagestan/kvartiry/prodam-ASgBAgICAUSSA8YQ?cd=1&q=%D0%B3%D0%BE%D1%80%D0%BE%D0%B4+%D0%A5%D0%B0%D1%81%D0%B0%D0%B2%D1%8E%D1%80%D1%82
Added 46 urls
Нет более страниц - https://www.avito.ru/dagestan/kvartiry/prodam/vtorichka-ASgBAQICAUSSA8YQAUDmBxSMUg?cd=1&q=%D0%B3%D0%BE%D1%80%D0%BE%D0%B4+%D0%A5%D0%B0%D1%81%D0%B0%D0%B2%D1%8E%D1%80%D1%82
Added 45 urls
Нет более страниц - https://www.avito.ru/dagestan/zemelnye_uchastki?cd=1&q=%D0%B3%D0%BE%D1%80%D0%BE%D0%B4+%D0%A5%D0%B0%D1%81%D0%B0%D0%B2%D1%8E%D1%80%D1%82
Added 69 urls
Нет более страниц - https://www.avito.ru/dagestan/garazhi_i_mashinomesta?cd=1&q=%D0%B3%D0%BE%D1%80%D0%BE%D0%B4+%D0%A5%D0%B0%D1%81%D0%B0%D0%B2%D1%8E%D1%80%D1%82
Added 51 urls
Нет более страниц - https://www.avito.ru/dagestan/kommercheskaya_nedvizhimost/prodam-ASgBAgICAUSwCNJW?cd=1&q=%D0%B3%D0%BE%D1%80%D0%BE%D0%B4+%D0%A5%D0%B0%D1%81%D0%B0%D0%B2%D1%8E%D1%80%D1%82
Added 51 urls
Следующая страница - https://www.avito.ru/dagestan/kvartiry/prodam-ASgBAgICAUSSA8YQ?cd=1&q=%D0%B3%D0%BE%D1%80%D0%BE%D0%B4+%D0%94%D0%B5%D1%80%D0%B1%D0%B5%D0%BD%D1%82&p=2
Следующая страница - https://www.avito.ru/dagestan/kvartiry/prodam-ASgBAgICAUSSA8YQ?cd=1&p=3&q=%D0%B3%D0%BE%D1%80%D0%BE%D0%B4+%D0%94%D0%B5%D1%80%D0%B1%D0%B5%D0%BD%D1%82
Следующая страница - https://www.avito.ru/dagestan/kvartiry/prodam-ASgBAgICAUSSA8YQ?cd=1&p=4&q=%D0%B3%D0%BE%D1%80%D0%BE%D0%B4+%D0%94%D0%B5%D1%80%D0%B1%D0%B5%D0%BD%D1%82
Следующая страница - https://www.avito.ru/dagestan/kvartiry/prodam-ASgBAgICAUSSA8YQ?cd=1&p=5&q=%D0%B3%D0%BE%D1%80%D0%BE%D0%B4+%D0%94%D0%B5%D1%80%D0%B1%D0%B5%D0%BD%D1%82
Нет более страниц - https://www.avito.ru/dagestan/kvartiry/prodam-ASgBAgICAUSSA8YQ?cd=1&p=5&q=%D0%B3%D0%BE%D1%80%D0%BE%D0%B4+%D0%94%D0%B5%D1%80%D0%B1%D0%B5%D0%BD%D1%82
Added 226 urls
Следующая страница - https://www.avito.ru/dagestan/kvartiry/prodam/vtorichka-ASgBAQICAUSSA8YQAUDmBxSMUg?cd=1&q=%D0%B3%D0%BE%D1%80%D0%BE%D0%B4+%D0%94%D0%B5%D1%80%D0%B1%D0%B5%D0%BD%D1%82&p=2
Следующая страница - https://www.avito.ru/dagestan/kvartiry/prodam/vtorichka-ASgBAQICAUSSA8YQAUDmBxSMUg?cd=1&p=3&q=%D0%B3%D0%BE%D1%80%D0%BE%D0%B4+%D0%94%D0%B5%D1%80%D0%B1%D0%B5%D0%BD%D1%82
Следующая страница - https://www.avito.ru/dagestan/kvartiry/prodam/vtorichka-ASgBAQICAUSSA8YQAUDmBxSMUg?cd=1&p=4&q=%D0%B3%D0%BE%D1%80%D0%BE%D0%B4+%D0%94%D0%B5%D1%80%D0%B1%D0%B5%D0%BD%D1%82
Нет более страниц - https://www.avito.ru/dagestan/kvartiry/prodam/vtorichka-ASgBAQICAUSSA8YQAUDmBxSMUg?cd=1&p=4&q=%D0%B3%D0%BE%D1%80%D0%BE%D0%B4+%D0%94%D0%B5%D1%80%D0%B1%D0%B5%D0%BD%D1%82
Added 196 urls
Следующая страница - https://www.avito.ru/dagestan/doma_dachi_kottedzhi/prodam-ASgBAgICAUSUA9AQ?cd=1&q=%D0%B3%D0%BE%D1%80%D0%BE%D0%B4+%D0%94%D0%B5%D1%80%D0%B1%D0%B5%D0%BD%D1%82&p=2
Следующая страница - https://www.avito.ru/dagestan/doma_dachi_kottedzhi/prodam-ASgBAgICAUSUA9AQ?cd=1&p=3&q=%D0%B3%D0%BE%D1%80%D0%BE%D0%B4+%D0%94%D0%B5%D1%80%D0%B1%D0%B5%D0%BD%D1%82
Нет более страниц - https://www.avito.ru/dagestan/doma_dachi_kottedzhi/prodam-ASgBAgICAUSUA9AQ?cd=1&p=3&q=%D0%B3%D0%BE%D1%80%D0%BE%D0%B4+%D0%94%D0%B5%D1%80%D0%B1%D0%B5%D0%BD%D1%82
Added 107 urls
Следующая страница - https://www.avito.ru/dagestan/zemelnye_uchastki?cd=1&q=%D0%B3%D0%BE%D1%80%D0%BE%D0%B4+%D0%94%D0%B5%D1%80%D0%B1%D0%B5%D0%BD%D1%82&p=2
Нет более страниц - https://www.avito.ru/dagestan/zemelnye_uchastki?cd=1&p=2&q=%D0%B3%D0%BE%D1%80%D0%BE%D0%B4+%D0%94%D0%B5%D1%80%D0%B1%D0%B5%D0%BD%D1%82
Added 65 urls
Нет более страниц - https://www.avito.ru/dagestan/garazhi_i_mashinomesta?cd=1&q=%D0%B3%D0%BE%D1%80%D0%BE%D0%B4+%D0%94%D0%B5%D1%80%D0%B1%D0%B5%D0%BD%D1%82
Added 53 urls
Нет более страниц - https://www.avito.ru/dagestan/kommercheskaya_nedvizhimost/prodam-ASgBAgICAUSwCNJW?cd=1&q=%D0%B3%D0%BE%D1%80%D0%BE%D0%B4+%D0%94%D0%B5%D1%80%D0%B1%D0%B5%D0%BD%D1%82
Added 58 urls
Следующая страница - https://www.avito.ru/dagestan/doma_dachi_kottedzhi/prodam-ASgBAgICAUSUA9AQ?cd=1&q=%D0%B3%D0%BE%D1%80%D0%BE%D0%B4+%D0%9A%D0%B8%D0%B7%D0%BB%D1%8F%D1%80&p=2
Нет более страниц - https://www.avito.ru/dagestan/doma_dachi_kottedzhi/prodam-ASgBAgICAUSUA9AQ?cd=1&p=2&q=%D0%B3%D0%BE%D1%80%D0%BE%D0%B4+%D0%9A%D0%B8%D0%B7%D0%BB%D1%8F%D1%80
Added 56 urls
Нет более страниц - https://www.avito.ru/dagestan/kvartiry/prodam-ASgBAgICAUSSA8YQ?cd=1&q=%D0%B3%D0%BE%D1%80%D0%BE%D0%B4+%D0%9A%D0%B8%D0%B7%D0%BB%D1%8F%D1%80
Added 65 urls
Нет более страниц - https://www.avito.ru/dagestan/kvartiry/prodam/vtorichka-ASgBAQICAUSSA8YQAUDmBxSMUg?cd=1&q=%D0%B3%D0%BE%D1%80%D0%BE%D0%B4+%D0%9A%D0%B8%D0%B7%D0%BB%D1%8F%D1%80
Added 66 urls
Нет более страниц - https://www.avito.ru/dagestan/zemelnye_uchastki?cd=1&q=%D0%B3%D0%BE%D1%80%D0%BE%D0%B4+%D0%9A%D0%B8%D0%B7%D0%BB%D1%8F%D1%80
Added 66 urls
Нет более страниц - https://www.avito.ru/dagestan/garazhi_i_mashinomesta?cd=1&q=%D0%B3%D0%BE%D1%80%D0%BE%D0%B4+%D0%9A%D0%B8%D0%B7%D0%BB%D1%8F%D1%80
Added 51 urls
Следующая страница - https://www.avito.ru/dagestan/kvartiry/prodam-ASgBAgICAUSSA8YQ?cd=1&q=%D0%B3%D0%BE%D1%80%D0%BE%D0%B4+%D0%91%D1%83%D0%B9%D0%BD%D0%B0%D0%BA%D1%81%D0%BA&p=2
Нет более страниц - https://www.avito.ru/dagestan/kvartiry/prodam-ASgBAgICAUSSA8YQ?cd=1&p=2&q=%D0%B3%D0%BE%D1%80%D0%BE%D0%B4+%D0%91%D1%83%D0%B9%D0%BD%D0%B0%D0%BA%D1%81%D0%BA
Added 68 urls
Следующая страница - https://www.avito.ru/dagestan/kvartiry/prodam/vtorichka-ASgBAQICAUSSA8YQAUDmBxSMUg?cd=1&q=%D0%B3%D0%BE%D1%80%D0%BE%D0%B4+%D0%91%D1%83%D0%B9%D0%BD%D0%B0%D0%BA%D1%81%D0%BA&p=2
Нет более страниц - https://www.avito.ru/dagestan/kvartiry/prodam/vtorichka-ASgBAQICAUSSA8YQAUDmBxSMUg?cd=1&p=2&q=%D0%B3%D0%BE%D1%80%D0%BE%D0%B4+%D0%91%D1%83%D0%B9%D0%BD%D0%B0%D0%BA%D1%81%D0%BA
Added 67 urls
Нет более страниц - https://www.avito.ru/dagestan/doma_dachi_kottedzhi/prodam-ASgBAgICAUSUA9AQ?cd=1&q=%D0%B3%D0%BE%D1%80%D0%BE%D0%B4+%D0%91%D1%83%D0%B9%D0%BD%D0%B0%D0%BA%D1%81%D0%BA
Added 41 urls
Нет более страниц - https://www.avito.ru/dagestan/komnaty/prodam-ASgBAgICAUSQA7wQ?cd=1&q=%D0%B3%D0%BE%D1%80%D0%BE%D0%B4+%D0%91%D1%83%D0%B9%D0%BD%D0%B0%D0%BA%D1%81%D0%BA
Added 51 urls
Нет более страниц - https://www.avito.ru/dagestan/zemelnye_uchastki?cd=1&q=%D0%B3%D0%BE%D1%80%D0%BE%D0%B4+%D0%91%D1%83%D0%B9%D0%BD%D0%B0%D0%BA%D1%81%D0%BA
Added 58 urls
Нет более страниц - https://www.avito.ru/dagestan/garazhi_i_mashinomesta?cd=1&q=%D0%B3%D0%BE%D1%80%D0%BE%D0%B4+%D0%91%D1%83%D0%B9%D0%BD%D0%B0%D0%BA%D1%81%D0%BA
Added 50 urls
Нет более страниц - https://www.avito.ru/dagestan/kommercheskaya_nedvizhimost/prodam-ASgBAgICAUSwCNJW?cd=1&q=%D0%B3%D0%BE%D1%80%D0%BE%D0%B4+%D0%91%D1%83%D0%B9%D0%BD%D0%B0%D0%BA%D1%81%D0%BA
Added 52 urls
Следующая страница - https://www.avito.ru/dagestan/kvartiry/prodam-ASgBAgICAUSSA8YQ?cd=1&q=%D0%B3%D0%BE%D1%80%D0%BE%D0%B4+%D0%9A%D0%B8%D0%B7%D0%B8%D0%BB%D1%8E%D1%80%D1%82&p=2
Следующая страница - https://www.avito.ru/dagestan/kvartiry/prodam-ASgBAgICAUSSA8YQ?cd=1&p=3&q=%D0%B3%D0%BE%D1%80%D0%BE%D0%B4+%D0%9A%D0%B8%D0%B7%D0%B8%D0%BB%D1%8E%D1%80%D1%82
Нет более страниц - https://www.avito.ru/dagestan/kvartiry/prodam-ASgBAgICAUSSA8YQ?cd=1&p=3&q=%D0%B3%D0%BE%D1%80%D0%BE%D0%B4+%D0%9A%D0%B8%D0%B7%D0%B8%D0%BB%D1%8E%D1%80%D1%82
Added 128 urls
Следующая страница - https://www.avito.ru/dagestan/kvartiry/prodam/vtorichka-ASgBAQICAUSSA8YQAUDmBxSMUg?cd=1&q=%D0%B3%D0%BE%D1%80%D0%BE%D0%B4+%D0%9A%D0%B8%D0%B7%D0%B8%D0%BB%D1%8E%D1%80%D1%82&p=2
Следующая страница - https://www.avito.ru/dagestan/kvartiry/prodam/vtorichka-ASgBAQICAUSSA8YQAUDmBxSMUg?cd=1&p=3&q=%D0%B3%D0%BE%D1%80%D0%BE%D0%B4+%D0%9A%D0%B8%D0%B7%D0%B8%D0%BB%D1%8E%D1%80%D1%82
Нет более страниц - https://www.avito.ru/dagestan/kvartiry/prodam/vtorichka-ASgBAQICAUSSA8YQAUDmBxSMUg?cd=1&p=3&q=%D0%B3%D0%BE%D1%80%D0%BE%D0%B4+%D0%9A%D0%B8%D0%B7%D0%B8%D0%BB%D1%8E%D1%80%D1%82
Added 113 urls
Следующая страница - https://www.avito.ru/dagestan/doma_dachi_kottedzhi/prodam-ASgBAgICAUSUA9AQ?cd=1&q=%D0%B3%D0%BE%D1%80%D0%BE%D0%B4+%D0%9A%D0%B8%D0%B7%D0%B8%D0%BB%D1%8E%D1%80%D1%82&p=2
Нет более страниц - https://www.avito.ru/dagestan/doma_dachi_kottedzhi/prodam-ASgBAgICAUSUA9AQ?cd=1&p=2&q=%D0%B3%D0%BE%D1%80%D0%BE%D0%B4+%D0%9A%D0%B8%D0%B7%D0%B8%D0%BB%D1%8E%D1%80%D1%82
Added 89 urls
Нет более страниц - https://www.avito.ru/dagestan/komnaty/prodam-ASgBAgICAUSQA7wQ?cd=1&q=%D0%B3%D0%BE%D1%80%D0%BE%D0%B4+%D0%9A%D0%B8%D0%B7%D0%B8%D0%BB%D1%8E%D1%80%D1%82
Added 50 urls
Следующая страница - https://www.avito.ru/dagestan/zemelnye_uchastki?cd=1&q=%D0%B3%D0%BE%D1%80%D0%BE%D0%B4+%D0%9A%D0%B8%D0%B7%D0%B8%D0%BB%D1%8E%D1%80%D1%82&p=2
Следующая страница - https://www.avito.ru/dagestan/zemelnye_uchastki?cd=1&p=3&q=%D0%B3%D0%BE%D1%80%D0%BE%D0%B4+%D0%9A%D0%B8%D0%B7%D0%B8%D0%BB%D1%8E%D1%80%D1%82
Нет более страниц - https://www.avito.ru/dagestan/zemelnye_uchastki?cd=1&p=3&q=%D0%B3%D0%BE%D1%80%D0%BE%D0%B4+%D0%9A%D0%B8%D0%B7%D0%B8%D0%BB%D1%8E%D1%80%D1%82
Added 106 urls
Нет более страниц - https://www.avito.ru/dagestan/garazhi_i_mashinomesta?cd=1&q=%D0%B3%D0%BE%D1%80%D0%BE%D0%B4+%D0%9A%D0%B8%D0%B7%D0%B8%D0%BB%D1%8E%D1%80%D1%82
Added 54 urls
Нет более страниц - https://www.avito.ru/dagestan/kommercheskaya_nedvizhimost/prodam-ASgBAgICAUSwCNJW?cd=1&q=%D0%B3%D0%BE%D1%80%D0%BE%D0%B4+%D0%9A%D0%B8%D0%B7%D0%B8%D0%BB%D1%8E%D1%80%D1%82
Added 51 urls
Нет более страниц - https://www.avito.ru/dagestan/kvartiry/prodam-ASgBAgICAUSSA8YQ?cd=1&q=%D0%B3%D0%BE%D1%80%D0%BE%D0%B4+%D0%AE%D0%B6%D0%BD%D0%BE+%D0%A1%D1%83%D1%85%D0%BE%D0%BA%D1%83%D0%BC%D1%81%D0%BA
Added 53 urls
Нет более страниц - https://www.avito.ru/dagestan/kvartiry/prodam/vtorichka-ASgBAQICAUSSA8YQAUDmBxSMUg?cd=1&q=%D0%B3%D0%BE%D1%80%D0%BE%D0%B4+%D0%AE%D0%B6%D0%BD%D0%BE+%D0%A1%D1%83%D1%85%D0%BE%D0%BA%D1%83%D0%BC%D1%81%D0%BA
Added 53 urls
Нет более страниц - https://www.avito.ru/dagestan/doma_dachi_kottedzhi/prodam-ASgBAgICAUSUA9AQ?cd=1&q=%D0%B3%D0%BE%D1%80%D0%BE%D0%B4+%D0%AE%D0%B6%D0%BD%D0%BE+%D0%A1%D1%83%D1%85%D0%BE%D0%BA%D1%83%D0%BC%D1%81%D0%BA
Added 52 urls
Нет более страниц - https://www.avito.ru/dagestan/doma_dachi_kottedzhi/prodam-ASgBAgICAUSUA9AQ?cd=1&q=%D0%B3%D0%BE%D1%80%D0%BE%D0%B4+%D0%94%D0%B0%D0%B3%D0%B5%D1%81%D1%82%D0%B0%D0%BD%D1%81%D0%BA%D0%B8%D0%B5+%D0%9E%D0%B3%D0%BD%D0%B8
Added 14 urls
Нет более страниц - https://www.avito.ru/dagestan/kvartiry/prodam-ASgBAgICAUSSA8YQ?cd=1&q=%D0%B3%D0%BE%D1%80%D0%BE%D0%B4+%D0%94%D0%B0%D0%B3%D0%B5%D1%81%D1%82%D0%B0%D0%BD%D1%81%D0%BA%D0%B8%D0%B5+%D0%9E%D0%B3%D0%BD%D0%B8
Added 57 urls
Нет более страниц - https://www.avito.ru/dagestan/kvartiry/prodam/vtorichka-ASgBAQICAUSSA8YQAUDmBxSMUg?cd=1&q=%D0%B3%D0%BE%D1%80%D0%BE%D0%B4+%D0%94%D0%B0%D0%B3%D0%B5%D1%81%D1%82%D0%B0%D0%BD%D1%81%D0%BA%D0%B8%D0%B5+%D0%9E%D0%B3%D0%BD%D0%B8
Added 57 urls
Нет более страниц - https://www.avito.ru/dagestan/zemelnye_uchastki?cd=1&q=%D0%B3%D0%BE%D1%80%D0%BE%D0%B4+%D0%94%D0%B0%D0%B3%D0%B5%D1%81%D1%82%D0%B0%D0%BD%D1%81%D0%BA%D0%B8%D0%B5+%D0%9E%D0%B3%D0%BD%D0%B8
Added 62 urls
Нет более страниц - https://www.avito.ru/dagestan/garazhi_i_mashinomesta?cd=1&q=%D0%B3%D0%BE%D1%80%D0%BE%D0%B4+%D0%94%D0%B0%D0%B3%D0%B5%D1%81%D1%82%D0%B0%D0%BD%D1%81%D0%BA%D0%B8%D0%B5+%D0%9E%D0%B3%D0%BD%D0%B8
Added 50 urls
Нет более страниц - https://www.avito.ru/dagestan/kommercheskaya_nedvizhimost/prodam-ASgBAgICAUSwCNJW?cd=1&q=%D0%B3%D0%BE%D1%80%D0%BE%D0%B4+%D0%94%D0%B0%D0%B3%D0%B5%D1%81%D1%82%D0%B0%D0%BD%D1%81%D0%BA%D0%B8%D0%B5+%D0%9E%D0%B3%D0%BD%D0%B8
Added 53 urls
Следующая страница - https://www.avito.ru/dagestan/kvartiry/prodam-ASgBAgICAUSSA8YQ?cd=1&q=%D0%B3%D0%BE%D1%80%D0%BE%D0%B4+%D0%9A%D0%B0%D1%81%D0%BF%D0%B8%D0%B9%D1%81%D0%BA&p=2
Следующая страница - https://www.avito.ru/dagestan/kvartiry/prodam-ASgBAgICAUSSA8YQ?cd=1&p=3&q=%D0%B3%D0%BE%D1%80%D0%BE%D0%B4+%D0%9A%D0%B0%D1%81%D0%BF%D0%B8%D0%B9%D1%81%D0%BA
Следующая страница - https://www.avito.ru/dagestan/kvartiry/prodam-ASgBAgICAUSSA8YQ?cd=1&p=4&q=%D0%B3%D0%BE%D1%80%D0%BE%D0%B4+%D0%9A%D0%B0%D1%81%D0%BF%D0%B8%D0%B9%D1%81%D0%BA
Следующая страница - https://www.avito.ru/dagestan/kvartiry/prodam-ASgBAgICAUSSA8YQ?cd=1&p=5&q=%D0%B3%D0%BE%D1%80%D0%BE%D0%B4+%D0%9A%D0%B0%D1%81%D0%BF%D0%B8%D0%B9%D1%81%D0%BA
Следующая страница - https://www.avito.ru/dagestan/kvartiry/prodam-ASgBAgICAUSSA8YQ?cd=1&p=6&q=%D0%B3%D0%BE%D1%80%D0%BE%D0%B4+%D0%9A%D0%B0%D1%81%D0%BF%D0%B8%D0%B9%D1%81%D0%BA
Следующая страница - https://www.avito.ru/dagestan/kvartiry/prodam-ASgBAgICAUSSA8YQ?cd=1&p=7&q=%D0%B3%D0%BE%D1%80%D0%BE%D0%B4+%D0%9A%D0%B0%D1%81%D0%BF%D0%B8%D0%B9%D1%81%D0%BA
Следующая страница - https://www.avito.ru/dagestan/kvartiry/prodam-ASgBAgICAUSSA8YQ?cd=1&p=8&q=%D0%B3%D0%BE%D1%80%D0%BE%D0%B4+%D0%9A%D0%B0%D1%81%D0%BF%D0%B8%D0%B9%D1%81%D0%BA
Следующая страница - https://www.avito.ru/dagestan/kvartiry/prodam-ASgBAgICAUSSA8YQ?cd=1&p=9&q=%D0%B3%D0%BE%D1%80%D0%BE%D0%B4+%D0%9A%D0%B0%D1%81%D0%BF%D0%B8%D0%B9%D1%81%D0%BA
Следующая страница - https://www.avito.ru/dagestan/kvartiry/prodam-ASgBAgICAUSSA8YQ?cd=1&p=10&q=%D0%B3%D0%BE%D1%80%D0%BE%D0%B4+%D0%9A%D0%B0%D1%81%D0%BF%D0%B8%D0%B9%D1%81%D0%BA
Следующая страница - https://www.avito.ru/dagestan/kvartiry/prodam-ASgBAgICAUSSA8YQ?cd=1&p=11&q=%D0%B3%D0%BE%D1%80%D0%BE%D0%B4+%D0%9A%D0%B0%D1%81%D0%BF%D0%B8%D0%B9%D1%81%D0%BA
Следующая страница - https://www.avito.ru/dagestan/kvartiry/prodam-ASgBAgICAUSSA8YQ?cd=1&p=12&q=%D0%B3%D0%BE%D1%80%D0%BE%D0%B4+%D0%9A%D0%B0%D1%81%D0%BF%D0%B8%D0%B9%D1%81%D0%BA
Следующая страница - https://www.avito.ru/dagestan/kvartiry/prodam-ASgBAgICAUSSA8YQ?cd=1&p=13&q=%D0%B3%D0%BE%D1%80%D0%BE%D0%B4+%D0%9A%D0%B0%D1%81%D0%BF%D0%B8%D0%B9%D1%81%D0%BA
Нет более страниц - https://www.avito.ru/dagestan/kvartiry/prodam-ASgBAgICAUSSA8YQ?cd=1&p=13&q=%D0%B3%D0%BE%D1%80%D0%BE%D0%B4+%D0%9A%D0%B0%D1%81%D0%BF%D0%B8%D0%B9%D1%81%D0%BA
Added 620 urls
Следующая страница - https://www.avito.ru/dagestan/kvartiry/prodam/vtorichka-ASgBAQICAUSSA8YQAUDmBxSMUg?cd=1&q=%D0%B3%D0%BE%D1%80%D0%BE%D0%B4+%D0%9A%D0%B0%D1%81%D0%BF%D0%B8%D0%B9%D1%81%D0%BA&p=2
Следующая страница - https://www.avito.ru/dagestan/kvartiry/prodam/vtorichka-ASgBAQICAUSSA8YQAUDmBxSMUg?cd=1&p=3&q=%D0%B3%D0%BE%D1%80%D0%BE%D0%B4+%D0%9A%D0%B0%D1%81%D0%BF%D0%B8%D0%B9%D1%81%D0%BA
Следующая страница - https://www.avito.ru/dagestan/kvartiry/prodam/vtorichka-ASgBAQICAUSSA8YQAUDmBxSMUg?cd=1&p=4&q=%D0%B3%D0%BE%D1%80%D0%BE%D0%B4+%D0%9A%D0%B0%D1%81%D0%BF%D0%B8%D0%B9%D1%81%D0%BA
Следующая страница - https://www.avito.ru/dagestan/kvartiry/prodam/vtorichka-ASgBAQICAUSSA8YQAUDmBxSMUg?cd=1&p=5&q=%D0%B3%D0%BE%D1%80%D0%BE%D0%B4+%D0%9A%D0%B0%D1%81%D0%BF%D0%B8%D0%B9%D1%81%D0%BA
Следующая страница - https://www.avito.ru/dagestan/kvartiry/prodam/vtorichka-ASgBAQICAUSSA8YQAUDmBxSMUg?cd=1&p=6&q=%D0%B3%D0%BE%D1%80%D0%BE%D0%B4+%D0%9A%D0%B0%D1%81%D0%BF%D0%B8%D0%B9%D1%81%D0%BA
Следующая страница - https://www.avito.ru/dagestan/kvartiry/prodam/vtorichka-ASgBAQICAUSSA8YQAUDmBxSMUg?cd=1&p=7&q=%D0%B3%D0%BE%D1%80%D0%BE%D0%B4+%D0%9A%D0%B0%D1%81%D0%BF%D0%B8%D0%B9%D1%81%D0%BA
Следующая страница - https://www.avito.ru/dagestan/kvartiry/prodam/vtorichka-ASgBAQICAUSSA8YQAUDmBxSMUg?cd=1&p=8&q=%D0%B3%D0%BE%D1%80%D0%BE%D0%B4+%D0%9A%D0%B0%D1%81%D0%BF%D0%B8%D0%B9%D1%81%D0%BA
Следующая страница - https://www.avito.ru/dagestan/kvartiry/prodam/vtorichka-ASgBAQICAUSSA8YQAUDmBxSMUg?cd=1&p=9&q=%D0%B3%D0%BE%D1%80%D0%BE%D0%B4+%D0%9A%D0%B0%D1%81%D0%BF%D0%B8%D0%B9%D1%81%D0%BA
Нет более страниц - https://www.avito.ru/dagestan/kvartiry/prodam/vtorichka-ASgBAQICAUSSA8YQAUDmBxSMUg?cd=1&p=9&q=%D0%B3%D0%BE%D1%80%D0%BE%D0%B4+%D0%9A%D0%B0%D1%81%D0%BF%D0%B8%D0%B9%D1%81%D0%BA
Added 448 urls
Нет более страниц - https://www.avito.ru/dagestan/doma_dachi_kottedzhi/prodam-ASgBAgICAUSUA9AQ?cd=1&q=%D0%B3%D0%BE%D1%80%D0%BE%D0%B4+%D0%9A%D0%B0%D1%81%D0%BF%D0%B8%D0%B9%D1%81%D0%BA
Added 62 urls
Нет более страниц - https://www.avito.ru/dagestan/komnaty/prodam-ASgBAgICAUSQA7wQ?cd=1&q=%D0%B3%D0%BE%D1%80%D0%BE%D0%B4+%D0%9A%D0%B0%D1%81%D0%BF%D0%B8%D0%B9%D1%81%D0%BA
Added 54 urls
Следующая страница - https://www.avito.ru/dagestan/zemelnye_uchastki?cd=1&q=%D0%B3%D0%BE%D1%80%D0%BE%D0%B4+%D0%9A%D0%B0%D1%81%D0%BF%D0%B8%D0%B9%D1%81%D0%BA&p=2
Нет более страниц - https://www.avito.ru/dagestan/zemelnye_uchastki?cd=1&p=2&q=%D0%B3%D0%BE%D1%80%D0%BE%D0%B4+%D0%9A%D0%B0%D1%81%D0%BF%D0%B8%D0%B9%D1%81%D0%BA
Added 59 urls
Нет более страниц - https://www.avito.ru/dagestan/garazhi_i_mashinomesta?cd=1&q=%D0%B3%D0%BE%D1%80%D0%BE%D0%B4+%D0%9A%D0%B0%D1%81%D0%BF%D0%B8%D0%B9%D1%81%D0%BA
Added 51 urls
Нет более страниц - https://www.avito.ru/dagestan/kommercheskaya_nedvizhimost/prodam-ASgBAgICAUSwCNJW?cd=1&q=%D0%B3%D0%BE%D1%80%D0%BE%D0%B4+%D0%9A%D0%B0%D1%81%D0%BF%D0%B8%D0%B9%D1%81%D0%BA
Added 63 urls
Нет более страниц - https://www.avito.ru/all/nedvizhimost_za_rubezhom/prodam-ASgBAgICAUSaA~4Q?cd=1&q=%D0%B3%D0%BE%D1%80%D0%BE%D0%B4+%D0%9A%D0%B0%D1%81%D0%BF%D0%B8%D0%B9%D1%81%D0%BA
Added 1 urls
Следующая страница - https://www.avito.ru/dagestan/kvartiry/prodam-ASgBAgICAUSSA8YQ?cd=1&q=%D0%B3%D0%BE%D1%80%D0%BE%D0%B4+%D0%98%D0%B7%D0%B1%D0%B5%D1%80%D0%B1%D0%B0%D1%88&p=2
Следующая страница - https://www.avito.ru/dagestan/kvartiry/prodam-ASgBAgICAUSSA8YQ?cd=1&p=3&q=%D0%B3%D0%BE%D1%80%D0%BE%D0%B4+%D0%98%D0%B7%D0%B1%D0%B5%D1%80%D0%B1%D0%B0%D1%88
Следующая страница - https://www.avito.ru/dagestan/kvartiry/prodam-ASgBAgICAUSSA8YQ?cd=1&p=4&q=%D0%B3%D0%BE%D1%80%D0%BE%D0%B4+%D0%98%D0%B7%D0%B1%D0%B5%D1%80%D0%B1%D0%B0%D1%88
Нет более страниц - https://www.avito.ru/dagestan/kvartiry/prodam-ASgBAgICAUSSA8YQ?cd=1&p=4&q=%D0%B3%D0%BE%D1%80%D0%BE%D0%B4+%D0%98%D0%B7%D0%B1%D0%B5%D1%80%D0%B1%D0%B0%D1%88
Added 153 urls
Нет более страниц - https://www.avito.ru/dagestan/kvartiry/prodam/vtorichka-ASgBAQICAUSSA8YQAUDmBxSMUg?cd=1&q=%D0%B3%D0%BE%D1%80%D0%BE%D0%B4+%D0%98%D0%B7%D0%B1%D0%B5%D1%80%D0%B1%D0%B0%D1%88
Added 53 urls
Нет более страниц - https://www.avito.ru/dagestan/doma_dachi_kottedzhi/prodam-ASgBAgICAUSUA9AQ?cd=1&q=%D0%B3%D0%BE%D1%80%D0%BE%D0%B4+%D0%98%D0%B7%D0%B1%D0%B5%D1%80%D0%B1%D0%B0%D1%88
Added 39 urls
Нет более страниц - https://www.avito.ru/dagestan/zemelnye_uchastki?cd=1&q=%D0%B3%D0%BE%D1%80%D0%BE%D0%B4+%D0%98%D0%B7%D0%B1%D0%B5%D1%80%D0%B1%D0%B0%D1%88
Added 73 urls
Нет более страниц - https://www.avito.ru/dagestan/kommercheskaya_nedvizhimost/prodam-ASgBAgICAUSwCNJW?cd=1&q=%D0%B3%D0%BE%D1%80%D0%BE%D0%B4+%D0%98%D0%B7%D0%B1%D0%B5%D1%80%D0%B1%D0%B0%D1%88
Added 54 urls
https://www.avito.ru/dagestan?forceLocation=1
Message: Unable to locate element: //input[contains(@class,'input-input-')]
Stacktrace:
RemoteError@chrome://remote/content/shared/RemoteError.sys.mjs:8:8
WebDriverError@chrome://remote/content/shared/webdriver/Errors.sys.mjs:182:5
NoSuchElementError@chrome://remote/content/shared/webdriver/Errors.sys.mjs:394:5
element.find/</<@chrome://remote/content/marionette/element.sys.mjs:134:16

Следующая страница - https://www.avito.ru/dagestan/zemelnye_uchastki?cd=1&q=%D0%A1%D1%83%D0%BB%D0%B5%D0%B9%D0%BC%D0%B0%D0%BD+%D0%A1%D1%82%D0%B0%D0%BB%D1%8C%D1%81%D0%BA%D0%B8%D0%B9+%D1%80%D0%B0%D0%B9%D0%BE%D0%BD&p=2
Нет более страниц - https://www.avito.ru/dagestan/zemelnye_uchastki?cd=1&p=2&q=%D0%A1%D1%83%D0%BB%D0%B5%D0%B9%D0%BC%D0%B0%D0%BD+%D0%A1%D1%82%D0%B0%D0%BB%D1%8C%D1%81%D0%BA%D0%B8%D0%B9+%D1%80%D0%B0%D0%B9%D0%BE%D0%BD
Added 86 urls
Нет более страниц - https://www.avito.ru/dagestan/garazhi_i_mashinomesta?cd=1&q=%D0%A1%D1%83%D0%BB%D0%B5%D0%B9%D0%BC%D0%B0%D0%BD+%D0%A1%D1%82%D0%B0%D0%BB%D1%8C%D1%81%D0%BA%D0%B8%D0%B9+%D1%80%D0%B0%D0%B9%D0%BE%D0%BD
Added 51 urls
Нет более страниц - https://www.avito.ru/dagestan/doma_dachi_kottedzhi/prodam-ASgBAgICAUSUA9AQ?cd=1&q=%D0%A1%D1%83%D0%BB%D0%B5%D0%B9%D0%BC%D0%B0%D0%BD+%D0%A1%D1%82%D0%B0%D0%BB%D1%8C%D1%81%D0%BA%D0%B8%D0%B9+%D1%80%D0%B0%D0%B9%D0%BE%D0%BD
Added 49 urls
Нет более страниц - https://www.avito.ru/dagestan/kvartiry/prodam-ASgBAgICAUSSA8YQ?cd=1&q=%D0%A1%D1%83%D0%BB%D0%B5%D0%B9%D0%BC%D0%B0%D0%BD+%D0%A1%D1%82%D0%B0%D0%BB%D1%8C%D1%81%D0%BA%D0%B8%D0%B9+%D1%80%D0%B0%D0%B9%D0%BE%D0%BD
Added 60 urls
Нет более страниц - https://www.avito.ru/dagestan/kvartiry/prodam/vtorichka-ASgBAQICAUSSA8YQAUDmBxSMUg?cd=1&q=%D0%A1%D1%83%D0%BB%D0%B5%D0%B9%D0%BC%D0%B0%D0%BD+%D0%A1%D1%82%D0%B0%D0%BB%D1%8C%D1%81%D0%BA%D0%B8%D0%B9+%D1%80%D0%B0%D0%B9%D0%BE%D0%BD
Added 60 urls
Нет более страниц - https://www.avito.ru/dagestan/kommercheskaya_nedvizhimost/prodam-ASgBAgICAUSwCNJW?cd=1&q=%D0%A1%D1%83%D0%BB%D0%B5%D0%B9%D0%BC%D0%B0%D0%BD+%D0%A1%D1%82%D0%B0%D0%BB%D1%8C%D1%81%D0%BA%D0%B8%D0%B9+%D1%80%D0%B0%D0%B9%D0%BE%D0%BD
Added 2 urls
Нет более страниц - https://www.avito.ru/dagestan/zemelnye_uchastki?cd=1&q=%D0%91%D0%B0%D0%B1%D0%B0%D1%8E%D1%80%D1%82%D0%BE%D0%B2%D1%81%D0%BA%D0%B8%D0%B9+%D1%80%D0%B0%D0%B9%D0%BE%D0%BD
Added 79 urls
Нет более страниц - https://www.avito.ru/dagestan/doma_dachi_kottedzhi/prodam-ASgBAgICAUSUA9AQ?cd=1&q=%D0%91%D0%B0%D0%B1%D0%B0%D1%8E%D1%80%D1%82%D0%BE%D0%B2%D1%81%D0%BA%D0%B8%D0%B9+%D1%80%D0%B0%D0%B9%D0%BE%D0%BD
Added 77 urls
Нет более страниц - https://www.avito.ru/dagestan/kommercheskaya_nedvizhimost/prodam-ASgBAgICAUSwCNJW?cd=1&q=%D0%91%D0%B0%D0%B1%D0%B0%D1%8E%D1%80%D1%82%D0%BE%D0%B2%D1%81%D0%BA%D0%B8%D0%B9+%D1%80%D0%B0%D0%B9%D0%BE%D0%BD
Added 52 urls
Следующая страница - https://www.avito.ru/dagestan/zemelnye_uchastki?cd=1&q=%D0%9A%D0%B8%D0%B7%D0%BB%D1%8F%D1%80%D1%81%D0%BA%D0%B8%D0%B9+%D1%80%D0%B0%D0%B9%D0%BE%D0%BD&p=2
Следующая страница - https://www.avito.ru/dagestan/zemelnye_uchastki?cd=1&p=3&q=%D0%9A%D0%B8%D0%B7%D0%BB%D1%8F%D1%80%D1%81%D0%BA%D0%B8%D0%B9+%D1%80%D0%B0%D0%B9%D0%BE%D0%BD
Следующая страница - https://www.avito.ru/dagestan/zemelnye_uchastki?cd=1&p=4&q=%D0%9A%D0%B8%D0%B7%D0%BB%D1%8F%D1%80%D1%81%D0%BA%D0%B8%D0%B9+%D1%80%D0%B0%D0%B9%D0%BE%D0%BD
Следующая страница - https://www.avito.ru/dagestan/zemelnye_uchastki?cd=1&p=5&q=%D0%9A%D0%B8%D0%B7%D0%BB%D1%8F%D1%80%D1%81%D0%BA%D0%B8%D0%B9+%D1%80%D0%B0%D0%B9%D0%BE%D0%BD
Нет более страниц - https://www.avito.ru/dagestan/zemelnye_uchastki?cd=1&p=5&q=%D0%9A%D0%B8%D0%B7%D0%BB%D1%8F%D1%80%D1%81%D0%BA%D0%B8%D0%B9+%D1%80%D0%B0%D0%B9%D0%BE%D0%BD
Added 216 urls
Следующая страница - https://www.avito.ru/dagestan/doma_dachi_kottedzhi/prodam-ASgBAgICAUSUA9AQ?cd=1&q=%D0%9A%D0%B8%D0%B7%D0%BB%D1%8F%D1%80%D1%81%D0%BA%D0%B8%D0%B9+%D1%80%D0%B0%D0%B9%D0%BE%D0%BD&p=2
Следующая страница - https://www.avito.ru/dagestan/doma_dachi_kottedzhi/prodam-ASgBAgICAUSUA9AQ?cd=1&p=3&q=%D0%9A%D0%B8%D0%B7%D0%BB%D1%8F%D1%80%D1%81%D0%BA%D0%B8%D0%B9+%D1%80%D0%B0%D0%B9%D0%BE%D0%BD
Следующая страница - https://www.avito.ru/dagestan/doma_dachi_kottedzhi/prodam-ASgBAgICAUSUA9AQ?cd=1&p=4&q=%D0%9A%D0%B8%D0%B7%D0%BB%D1%8F%D1%80%D1%81%D0%BA%D0%B8%D0%B9+%D1%80%D0%B0%D0%B9%D0%BE%D0%BD
Нет более страниц - https://www.avito.ru/dagestan/doma_dachi_kottedzhi/prodam-ASgBAgICAUSUA9AQ?cd=1&p=4&q=%D0%9A%D0%B8%D0%B7%D0%BB%D1%8F%D1%80%D1%81%D0%BA%D0%B8%D0%B9+%D1%80%D0%B0%D0%B9%D0%BE%D0%BD
Added 152 urls
Нет более страниц - https://www.avito.ru/dagestan/kvartiry/prodam-ASgBAgICAUSSA8YQ?cd=1&q=%D0%9A%D0%B8%D0%B7%D0%BB%D1%8F%D1%80%D1%81%D0%BA%D0%B8%D0%B9+%D1%80%D0%B0%D0%B9%D0%BE%D0%BD
Added 64 urls
Нет более страниц - https://www.avito.ru/dagestan/kvartiry/prodam/vtorichka-ASgBAQICAUSSA8YQAUDmBxSMUg?cd=1&q=%D0%9A%D0%B8%D0%B7%D0%BB%D1%8F%D1%80%D1%81%D0%BA%D0%B8%D0%B9+%D1%80%D0%B0%D0%B9%D0%BE%D0%BD
Added 64 urls
Нет более страниц - https://www.avito.ru/dagestan/kommercheskaya_nedvizhimost/prodam-ASgBAgICAUSwCNJW?cd=1&q=%D0%9A%D0%B8%D0%B7%D0%BB%D1%8F%D1%80%D1%81%D0%BA%D0%B8%D0%B9+%D1%80%D0%B0%D0%B9%D0%BE%D0%BD
Added 52 urls
Следующая страница - https://www.avito.ru/dagestan/zemelnye_uchastki?cd=1&q=%D0%9D%D0%BE%D0%B3%D0%B0%D0%B9%D1%81%D0%BA%D0%B8%D0%B9+%D1%80%D0%B0%D0%B9%D0%BE%D0%BD&p=2
Нет более страниц - https://www.avito.ru/dagestan/zemelnye_uchastki?cd=1&p=2&q=%D0%9D%D0%BE%D0%B3%D0%B0%D0%B9%D1%81%D0%BA%D0%B8%D0%B9+%D1%80%D0%B0%D0%B9%D0%BE%D0%BD
Added 92 urls
Следующая страница - https://www.avito.ru/dagestan/doma_dachi_kottedzhi/prodam-ASgBAgICAUSUA9AQ?cd=1&q=%D0%9D%D0%BE%D0%B3%D0%B0%D0%B9%D1%81%D0%BA%D0%B8%D0%B9+%D1%80%D0%B0%D0%B9%D0%BE%D0%BD&p=2
Нет более страниц - https://www.avito.ru/dagestan/doma_dachi_kottedzhi/prodam-ASgBAgICAUSUA9AQ?cd=1&p=2&q=%D0%9D%D0%BE%D0%B3%D0%B0%D0%B9%D1%81%D0%BA%D0%B8%D0%B9+%D1%80%D0%B0%D0%B9%D0%BE%D0%BD
Added 79 urls
Следующая страница - https://www.avito.ru/dagestan/doma_dachi_kottedzhi/prodam-ASgBAgICAUSUA9AQ?cd=1&q=%D0%A2%D0%B0%D1%80%D1%83%D0%BC%D0%BE%D0%B2%D1%81%D0%BA%D0%B8%D0%B9+%D1%80%D0%B0%D0%B9%D0%BE%D0%BD&p=2
Нет более страниц - https://www.avito.ru/dagestan/doma_dachi_kottedzhi/prodam-ASgBAgICAUSUA9AQ?cd=1&p=2&q=%D0%A2%D0%B0%D1%80%D1%83%D0%BC%D0%BE%D0%B2%D1%81%D0%BA%D0%B8%D0%B9+%D1%80%D0%B0%D0%B9%D0%BE%D0%BD
Added 75 urls
Нет более страниц - https://www.avito.ru/dagestan/kvartiry/prodam-ASgBAgICAUSSA8YQ?cd=1&q=%D0%A2%D0%B0%D1%80%D1%83%D0%BC%D0%BE%D0%B2%D1%81%D0%BA%D0%B8%D0%B9+%D1%80%D0%B0%D0%B9%D0%BE%D0%BD
Added 51 urls
Нет более страниц - https://www.avito.ru/dagestan/kvartiry/prodam/vtorichka-ASgBAQICAUSSA8YQAUDmBxSMUg?cd=1&q=%D0%A2%D0%B0%D1%80%D1%83%D0%BC%D0%BE%D0%B2%D1%81%D0%BA%D0%B8%D0%B9+%D1%80%D0%B0%D0%B9%D0%BE%D0%BD
Added 51 urls
Нет более страниц - https://www.avito.ru/dagestan/zemelnye_uchastki?cd=1&q=%D0%A2%D0%B0%D1%80%D1%83%D0%BC%D0%BE%D0%B2%D1%81%D0%BA%D0%B8%D0%B9+%D1%80%D0%B0%D0%B9%D0%BE%D0%BD
Added 74 urls
Нет более страниц - https://www.avito.ru/dagestan/kommercheskaya_nedvizhimost/prodam-ASgBAgICAUSwCNJW?cd=1&q=%D0%A2%D0%B0%D1%80%D1%83%D0%BC%D0%BE%D0%B2%D1%81%D0%BA%D0%B8%D0%B9+%D1%80%D0%B0%D0%B9%D0%BE%D0%BD
Added 51 urls
Следующая страница - https://www.avito.ru/dagestan/zemelnye_uchastki?cd=1&q=%D0%A5%D0%B0%D1%81%D0%B0%D0%B2%D1%8E%D1%80%D1%82%D0%BE%D0%B2%D1%81%D0%BA%D0%B8%D0%B9+%D1%80%D0%B0%D0%B9%D0%BE%D0%BD&p=2
Следующая страница - https://www.avito.ru/dagestan/zemelnye_uchastki?cd=1&p=3&q=%D0%A5%D0%B0%D1%81%D0%B0%D0%B2%D1%8E%D1%80%D1%82%D0%BE%D0%B2%D1%81%D0%BA%D0%B8%D0%B9+%D1%80%D0%B0%D0%B9%D0%BE%D0%BD
Следующая страница - https://www.avito.ru/dagestan/zemelnye_uchastki?cd=1&p=4&q=%D0%A5%D0%B0%D1%81%D0%B0%D0%B2%D1%8E%D1%80%D1%82%D0%BE%D0%B2%D1%81%D0%BA%D0%B8%D0%B9+%D1%80%D0%B0%D0%B9%D0%BE%D0%BD
Нет более страниц - https://www.avito.ru/dagestan/zemelnye_uchastki?cd=1&p=4&q=%D0%A5%D0%B0%D1%81%D0%B0%D0%B2%D1%8E%D1%80%D1%82%D0%BE%D0%B2%D1%81%D0%BA%D0%B8%D0%B9+%D1%80%D0%B0%D0%B9%D0%BE%D0%BD
Added 156 urls
Нет более страниц - https://www.avito.ru/dagestan/garazhi_i_mashinomesta?cd=1&q=%D0%A5%D0%B0%D1%81%D0%B0%D0%B2%D1%8E%D1%80%D1%82%D0%BE%D0%B2%D1%81%D0%BA%D0%B8%D0%B9+%D1%80%D0%B0%D0%B9%D0%BE%D0%BD
Added 52 urls
Следующая страница - https://www.avito.ru/dagestan/doma_dachi_kottedzhi/prodam-ASgBAgICAUSUA9AQ?cd=1&q=%D0%A5%D0%B0%D1%81%D0%B0%D0%B2%D1%8E%D1%80%D1%82%D0%BE%D0%B2%D1%81%D0%BA%D0%B8%D0%B9+%D1%80%D0%B0%D0%B9%D0%BE%D0%BD&p=2
Следующая страница - https://www.avito.ru/dagestan/doma_dachi_kottedzhi/prodam-ASgBAgICAUSUA9AQ?cd=1&p=3&q=%D0%A5%D0%B0%D1%81%D0%B0%D0%B2%D1%8E%D1%80%D1%82%D0%BE%D0%B2%D1%81%D0%BA%D0%B8%D0%B9+%D1%80%D0%B0%D0%B9%D0%BE%D0%BD
Нет более страниц - https://www.avito.ru/dagestan/doma_dachi_kottedzhi/prodam-ASgBAgICAUSUA9AQ?cd=1&p=3&q=%D0%A5%D0%B0%D1%81%D0%B0%D0%B2%D1%8E%D1%80%D1%82%D0%BE%D0%B2%D1%81%D0%BA%D0%B8%D0%B9+%D1%80%D0%B0%D0%B9%D0%BE%D0%BD
Added 148 urls
Нет более страниц - https://www.avito.ru/dagestan/kvartiry/prodam-ASgBAgICAUSSA8YQ?cd=1&q=%D0%A5%D0%B0%D1%81%D0%B0%D0%B2%D1%8E%D1%80%D1%82%D0%BE%D0%B2%D1%81%D0%BA%D0%B8%D0%B9+%D1%80%D0%B0%D0%B9%D0%BE%D0%BD
Added 59 urls
Нет более страниц - https://www.avito.ru/dagestan/kvartiry/prodam/vtorichka-ASgBAQICAUSSA8YQAUDmBxSMUg?cd=1&q=%D0%A5%D0%B0%D1%81%D0%B0%D0%B2%D1%8E%D1%80%D1%82%D0%BE%D0%B2%D1%81%D0%BA%D0%B8%D0%B9+%D1%80%D0%B0%D0%B9%D0%BE%D0%BD
Added 56 urls
Нет более страниц - https://www.avito.ru/dagestan/komnaty/prodam-ASgBAgICAUSQA7wQ?cd=1&q=%D0%A5%D0%B0%D1%81%D0%B0%D0%B2%D1%8E%D1%80%D1%82%D0%BE%D0%B2%D1%81%D0%BA%D0%B8%D0%B9+%D1%80%D0%B0%D0%B9%D0%BE%D0%BD
Added 50 urls
Нет более страниц - https://www.avito.ru/dagestan/kommercheskaya_nedvizhimost/prodam-ASgBAgICAUSwCNJW?cd=1&q=%D0%A5%D0%B0%D1%81%D0%B0%D0%B2%D1%8E%D1%80%D1%82%D0%BE%D0%B2%D1%81%D0%BA%D0%B8%D0%B9+%D1%80%D0%B0%D0%B9%D0%BE%D0%BD
Added 51 urls
Следующая страница - https://www.avito.ru/dagestan/zemelnye_uchastki?cd=1&q=%D0%9A%D0%B8%D0%B7%D0%B8%D0%BB%D1%8E%D1%80%D1%82%D0%BE%D0%B2%D1%81%D0%BA%D0%B8%D0%B9+%D1%80%D0%B0%D0%B9%D0%BE%D0%BD&p=2
Следующая страница - https://www.avito.ru/dagestan/zemelnye_uchastki?cd=1&p=3&q=%D0%9A%D0%B8%D0%B7%D0%B8%D0%BB%D1%8E%D1%80%D1%82%D0%BE%D0%B2%D1%81%D0%BA%D0%B8%D0%B9+%D1%80%D0%B0%D0%B9%D0%BE%D0%BD
Следующая страница - https://www.avito.ru/dagestan/zemelnye_uchastki?cd=1&p=4&q=%D0%9A%D0%B8%D0%B7%D0%B8%D0%BB%D1%8E%D1%80%D1%82%D0%BE%D0%B2%D1%81%D0%BA%D0%B8%D0%B9+%D1%80%D0%B0%D0%B9%D0%BE%D0%BD
Нет более страниц - https://www.avito.ru/dagestan/zemelnye_uchastki?cd=1&p=4&q=%D0%9A%D0%B8%D0%B7%D0%B8%D0%BB%D1%8E%D1%80%D1%82%D0%BE%D0%B2%D1%81%D0%BA%D0%B8%D0%B9+%D1%80%D0%B0%D0%B9%D0%BE%D0%BD
Added 171 urls
Нет более страниц - https://www.avito.ru/dagestan/garazhi_i_mashinomesta?cd=1&q=%D0%9A%D0%B8%D0%B7%D0%B8%D0%BB%D1%8E%D1%80%D1%82%D0%BE%D0%B2%D1%81%D0%BA%D0%B8%D0%B9+%D1%80%D0%B0%D0%B9%D0%BE%D0%BD
Added 52 urls
Следующая страница - https://www.avito.ru/dagestan/doma_dachi_kottedzhi/prodam-ASgBAgICAUSUA9AQ?cd=1&q=%D0%9A%D0%B8%D0%B7%D0%B8%D0%BB%D1%8E%D1%80%D1%82%D0%BE%D0%B2%D1%81%D0%BA%D0%B8%D0%B9+%D1%80%D0%B0%D0%B9%D0%BE%D0%BD&p=2
Нет более страниц - https://www.avito.ru/dagestan/doma_dachi_kottedzhi/prodam-ASgBAgICAUSUA9AQ?cd=1&p=2&q=%D0%9A%D0%B8%D0%B7%D0%B8%D0%BB%D1%8E%D1%80%D1%82%D0%BE%D0%B2%D1%81%D0%BA%D0%B8%D0%B9+%D1%80%D0%B0%D0%B9%D0%BE%D0%BD
Added 76 urls
Нет более страниц - https://www.avito.ru/dagestan/kvartiry/prodam-ASgBAgICAUSSA8YQ?cd=1&q=%D0%9A%D0%B8%D0%B7%D0%B8%D0%BB%D1%8E%D1%80%D1%82%D0%BE%D0%B2%D1%81%D0%BA%D0%B8%D0%B9+%D1%80%D0%B0%D0%B9%D0%BE%D0%BD
Added 84 urls
Нет более страниц - https://www.avito.ru/dagestan/kvartiry/prodam/vtorichka-ASgBAQICAUSSA8YQAUDmBxSMUg?cd=1&q=%D0%9A%D0%B8%D0%B7%D0%B8%D0%BB%D1%8E%D1%80%D1%82%D0%BE%D0%B2%D1%81%D0%BA%D0%B8%D0%B9+%D1%80%D0%B0%D0%B9%D0%BE%D0%BD
Added 81 urls
Следующая страница - https://www.avito.ru/dagestan/zemelnye_uchastki?cd=1&q=%D0%94%D0%B5%D1%80%D0%B1%D0%B5%D0%BD%D1%82%D1%81%D0%BA%D0%B8%D0%B9+%D1%80%D0%B0%D0%B9%D0%BE%D0%BD&p=2
https://www.avito.ru/dagestan/zemelnye_uchastki?cd=1&p=2&q=%D0%94%D0%B5%D1%80%D0%B1%D0%B5%D0%BD%D1%82%D1%81%D0%BA%D0%B8%D0%B9+%D1%80%D0%B0%D0%B9%D0%BE%D0%BD
Нажатие кнопки след. страницы не привёл к переходу!
Следующая страница - https://www.avito.ru/dagestan/zemelnye_uchastki?cd=1&p=3&q=%D0%94%D0%B5%D1%80%D0%B1%D0%B5%D0%BD%D1%82%D1%81%D0%BA%D0%B8%D0%B9+%D1%80%D0%B0%D0%B9%D0%BE%D0%BD
Следующая страница - https://www.avito.ru/dagestan/zemelnye_uchastki?cd=1&p=4&q=%D0%94%D0%B5%D1%80%D0%B1%D0%B5%D0%BD%D1%82%D1%81%D0%BA%D0%B8%D0%B9+%D1%80%D0%B0%D0%B9%D0%BE%D0%BD
Следующая страница - https://www.avito.ru/dagestan/zemelnye_uchastki?cd=1&p=5&q=%D0%94%D0%B5%D1%80%D0%B1%D0%B5%D0%BD%D1%82%D1%81%D0%BA%D0%B8%D0%B9+%D1%80%D0%B0%D0%B9%D0%BE%D0%BD
Следующая страница - https://www.avito.ru/dagestan/zemelnye_uchastki?cd=1&p=6&q=%D0%94%D0%B5%D1%80%D0%B1%D0%B5%D0%BD%D1%82%D1%81%D0%BA%D0%B8%D0%B9+%D1%80%D0%B0%D0%B9%D0%BE%D0%BD
Следующая страница - https://www.avito.ru/dagestan/zemelnye_uchastki?cd=1&p=7&q=%D0%94%D0%B5%D1%80%D0%B1%D0%B5%D0%BD%D1%82%D1%81%D0%BA%D0%B8%D0%B9+%D1%80%D0%B0%D0%B9%D0%BE%D0%BD
Следующая страница - https://www.avito.ru/dagestan/zemelnye_uchastki?cd=1&p=8&q=%D0%94%D0%B5%D1%80%D0%B1%D0%B5%D0%BD%D1%82%D1%81%D0%BA%D0%B8%D0%B9+%D1%80%D0%B0%D0%B9%D0%BE%D0%BD
Следующая страница - https://www.avito.ru/dagestan/zemelnye_uchastki?cd=1&p=9&q=%D0%94%D0%B5%D1%80%D0%B1%D0%B5%D0%BD%D1%82%D1%81%D0%BA%D0%B8%D0%B9+%D1%80%D0%B0%D0%B9%D0%BE%D0%BD
Следующая страница - https://www.avito.ru/dagestan/zemelnye_uchastki?cd=1&p=10&q=%D0%94%D0%B5%D1%80%D0%B1%D0%B5%D0%BD%D1%82%D1%81%D0%BA%D0%B8%D0%B9+%D1%80%D0%B0%D0%B9%D0%BE%D0%BD
Следующая страница - https://www.avito.ru/dagestan/zemelnye_uchastki?cd=1&p=11&q=%D0%94%D0%B5%D1%80%D0%B1%D0%B5%D0%BD%D1%82%D1%81%D0%BA%D0%B8%D0%B9+%D1%80%D0%B0%D0%B9%D0%BE%D0%BD
Нет более страниц - https://www.avito.ru/dagestan/zemelnye_uchastki?cd=1&p=11&q=%D0%94%D0%B5%D1%80%D0%B1%D0%B5%D0%BD%D1%82%D1%81%D0%BA%D0%B8%D0%B9+%D1%80%D0%B0%D0%B9%D0%BE%D0%BD
Added 517 urls
Нет более страниц - https://www.avito.ru/dagestan/garazhi_i_mashinomesta?cd=1&q=%D0%94%D0%B5%D1%80%D0%B1%D0%B5%D0%BD%D1%82%D1%81%D0%BA%D0%B8%D0%B9+%D1%80%D0%B0%D0%B9%D0%BE%D0%BD
Added 7 urls
Следующая страница - https://www.avito.ru/dagestan/doma_dachi_kottedzhi/prodam-ASgBAgICAUSUA9AQ?cd=1&q=%D0%94%D0%B5%D1%80%D0%B1%D0%B5%D0%BD%D1%82%D1%81%D0%BA%D0%B8%D0%B9+%D1%80%D0%B0%D0%B9%D0%BE%D0%BD&p=2
Следующая страница - https://www.avito.ru/dagestan/doma_dachi_kottedzhi/prodam-ASgBAgICAUSUA9AQ?cd=1&p=3&q=%D0%94%D0%B5%D1%80%D0%B1%D0%B5%D0%BD%D1%82%D1%81%D0%BA%D0%B8%D0%B9+%D1%80%D0%B0%D0%B9%D0%BE%D0%BD
Следующая страница - https://www.avito.ru/dagestan/doma_dachi_kottedzhi/prodam-ASgBAgICAUSUA9AQ?cd=1&p=4&q=%D0%94%D0%B5%D1%80%D0%B1%D0%B5%D0%BD%D1%82%D1%81%D0%BA%D0%B8%D0%B9+%D1%80%D0%B0%D0%B9%D0%BE%D0%BD
Нет более страниц - https://www.avito.ru/dagestan/doma_dachi_kottedzhi/prodam-ASgBAgICAUSUA9AQ?cd=1&p=4&q=%D0%94%D0%B5%D1%80%D0%B1%D0%B5%D0%BD%D1%82%D1%81%D0%BA%D0%B8%D0%B9+%D1%80%D0%B0%D0%B9%D0%BE%D0%BD
Added 210 urls
Следующая страница - https://www.avito.ru/dagestan/kvartiry/prodam-ASgBAgICAUSSA8YQ?cd=1&q=%D0%94%D0%B5%D1%80%D0%B1%D0%B5%D0%BD%D1%82%D1%81%D0%BA%D0%B8%D0%B9+%D1%80%D0%B0%D0%B9%D0%BE%D0%BD&p=2
Нет более страниц - https://www.avito.ru/dagestan/kvartiry/prodam-ASgBAgICAUSSA8YQ?cd=1&p=2&q=%D0%94%D0%B5%D1%80%D0%B1%D0%B5%D0%BD%D1%82%D1%81%D0%BA%D0%B8%D0%B9+%D1%80%D0%B0%D0%B9%D0%BE%D0%BD
Added 100 urls
Следующая страница - https://www.avito.ru/dagestan/kvartiry/prodam/vtorichka-ASgBAQICAUSSA8YQAUDmBxSMUg?cd=1&q=%D0%94%D0%B5%D1%80%D0%B1%D0%B5%D0%BD%D1%82%D1%81%D0%BA%D0%B8%D0%B9+%D1%80%D0%B0%D0%B9%D0%BE%D0%BD&p=2
Нет более страниц - https://www.avito.ru/dagestan/kvartiry/prodam/vtorichka-ASgBAQICAUSSA8YQAUDmBxSMUg?cd=1&p=2&q=%D0%94%D0%B5%D1%80%D0%B1%D0%B5%D0%BD%D1%82%D1%81%D0%BA%D0%B8%D0%B9+%D1%80%D0%B0%D0%B9%D0%BE%D0%BD
Added 85 urls
Нет более страниц - https://www.avito.ru/dagestan/komnaty/prodam-ASgBAgICAUSQA7wQ?cd=1&q=%D0%94%D0%B5%D1%80%D0%B1%D0%B5%D0%BD%D1%82%D1%81%D0%BA%D0%B8%D0%B9+%D1%80%D0%B0%D0%B9%D0%BE%D0%BD
Added 51 urls
Нет более страниц - https://www.avito.ru/dagestan/kommercheskaya_nedvizhimost/prodam-ASgBAgICAUSwCNJW?cd=1&q=%D0%94%D0%B5%D1%80%D0%B1%D0%B5%D0%BD%D1%82%D1%81%D0%BA%D0%B8%D0%B9+%D1%80%D0%B0%D0%B9%D0%BE%D0%BD
Added 7 urls
Следующая страница - https://www.avito.ru/dagestan/zemelnye_uchastki?cd=1&q=%D0%9A%D0%B0%D1%8F%D0%BA%D0%B5%D0%BD%D1%82%D1%81%D0%BA%D0%B8%D0%B9+%D1%80%D0%B0%D0%B9%D0%BE%D0%BD&p=2
Следующая страница - https://www.avito.ru/dagestan/zemelnye_uchastki?cd=1&p=3&q=%D0%9A%D0%B0%D1%8F%D0%BA%D0%B5%D0%BD%D1%82%D1%81%D0%BA%D0%B8%D0%B9+%D1%80%D0%B0%D0%B9%D0%BE%D0%BD
Нет более страниц - https://www.avito.ru/dagestan/zemelnye_uchastki?cd=1&p=3&q=%D0%9A%D0%B0%D1%8F%D0%BA%D0%B5%D0%BD%D1%82%D1%81%D0%BA%D0%B8%D0%B9+%D1%80%D0%B0%D0%B9%D0%BE%D0%BD
Added 111 urls
Нет более страниц - https://www.avito.ru/dagestan/doma_dachi_kottedzhi/prodam-ASgBAgICAUSUA9AQ?cd=1&q=%D0%9A%D0%B0%D1%8F%D0%BA%D0%B5%D0%BD%D1%82%D1%81%D0%BA%D0%B8%D0%B9+%D1%80%D0%B0%D0%B9%D0%BE%D0%BD
Added 78 urls
Нет более страниц - https://www.avito.ru/dagestan/kvartiry/prodam-ASgBAgICAUSSA8YQ?cd=1&q=%D0%9A%D0%B0%D1%8F%D0%BA%D0%B5%D0%BD%D1%82%D1%81%D0%BA%D0%B8%D0%B9+%D1%80%D0%B0%D0%B9%D0%BE%D0%BD
Added 56 urls
Нет более страниц - https://www.avito.ru/dagestan/kvartiry/prodam/vtorichka-ASgBAQICAUSSA8YQAUDmBxSMUg?cd=1&q=%D0%9A%D0%B0%D1%8F%D0%BA%D0%B5%D0%BD%D1%82%D1%81%D0%BA%D0%B8%D0%B9+%D1%80%D0%B0%D0%B9%D0%BE%D0%BD
Added 55 urls
Следующая страница - https://www.avito.ru/dagestan/zemelnye_uchastki?cd=1&q=%D0%9A%D0%B0%D1%80%D0%B0%D0%B1%D1%83%D0%B4%D0%B0%D1%85%D0%BA%D0%B5%D0%BD%D1%82%D1%81%D0%BA%D0%B8%D0%B9+%D1%80%D0%B0%D0%B9%D0%BE%D0%BD&p=2
Следующая страница - https://www.avito.ru/dagestan/zemelnye_uchastki?cd=1&p=3&q=%D0%9A%D0%B0%D1%80%D0%B0%D0%B1%D1%83%D0%B4%D0%B0%D1%85%D0%BA%D0%B5%D0%BD%D1%82%D1%81%D0%BA%D0%B8%D0%B9+%D1%80%D0%B0%D0%B9%D0%BE%D0%BD
Следующая страница - https://www.avito.ru/dagestan/zemelnye_uchastki?cd=1&p=4&q=%D0%9A%D0%B0%D1%80%D0%B0%D0%B1%D1%83%D0%B4%D0%B0%D1%85%D0%BA%D0%B5%D0%BD%D1%82%D1%81%D0%BA%D0%B8%D0%B9+%D1%80%D0%B0%D0%B9%D0%BE%D0%BD
Следующая страница - https://www.avito.ru/dagestan/zemelnye_uchastki?cd=1&p=5&q=%D0%9A%D0%B0%D1%80%D0%B0%D0%B1%D1%83%D0%B4%D0%B0%D1%85%D0%BA%D0%B5%D0%BD%D1%82%D1%81%D0%BA%D0%B8%D0%B9+%D1%80%D0%B0%D0%B9%D0%BE%D0%BD
Следующая страница - https://www.avito.ru/dagestan/zemelnye_uchastki?cd=1&p=6&q=%D0%9A%D0%B0%D1%80%D0%B0%D0%B1%D1%83%D0%B4%D0%B0%D1%85%D0%BA%D0%B5%D0%BD%D1%82%D1%81%D0%BA%D0%B8%D0%B9+%D1%80%D0%B0%D0%B9%D0%BE%D0%BD
Следующая страница - https://www.avito.ru/dagestan/zemelnye_uchastki?cd=1&p=7&q=%D0%9A%D0%B0%D1%80%D0%B0%D0%B1%D1%83%D0%B4%D0%B0%D1%85%D0%BA%D0%B5%D0%BD%D1%82%D1%81%D0%BA%D0%B8%D0%B9+%D1%80%D0%B0%D0%B9%D0%BE%D0%BD
Следующая страница - https://www.avito.ru/dagestan/zemelnye_uchastki?cd=1&p=8&q=%D0%9A%D0%B0%D1%80%D0%B0%D0%B1%D1%83%D0%B4%D0%B0%D1%85%D0%BA%D0%B5%D0%BD%D1%82%D1%81%D0%BA%D0%B8%D0%B9+%D1%80%D0%B0%D0%B9%D0%BE%D0%BD
Следующая страница - https://www.avito.ru/dagestan/zemelnye_uchastki?cd=1&p=9&q=%D0%9A%D0%B0%D1%80%D0%B0%D0%B1%D1%83%D0%B4%D0%B0%D1%85%D0%BA%D0%B5%D0%BD%D1%82%D1%81%D0%BA%D0%B8%D0%B9+%D1%80%D0%B0%D0%B9%D0%BE%D0%BD
Следующая страница - https://www.avito.ru/dagestan/zemelnye_uchastki?cd=1&p=10&q=%D0%9A%D0%B0%D1%80%D0%B0%D0%B1%D1%83%D0%B4%D0%B0%D1%85%D0%BA%D0%B5%D0%BD%D1%82%D1%81%D0%BA%D0%B8%D0%B9+%D1%80%D0%B0%D0%B9%D0%BE%D0%BD
Нет более страниц - https://www.avito.ru/dagestan/zemelnye_uchastki?cd=1&p=10&q=%D0%9A%D0%B0%D1%80%D0%B0%D0%B1%D1%83%D0%B4%D0%B0%D1%85%D0%BA%D0%B5%D0%BD%D1%82%D1%81%D0%BA%D0%B8%D0%B9+%D1%80%D0%B0%D0%B9%D0%BE%D0%BD
Added 462 urls
Нет более страниц - https://www.avito.ru/dagestan/garazhi_i_mashinomesta?cd=1&q=%D0%9A%D0%B0%D1%80%D0%B0%D0%B1%D1%83%D0%B4%D0%B0%D1%85%D0%BA%D0%B5%D0%BD%D1%82%D1%81%D0%BA%D0%B8%D0%B9+%D1%80%D0%B0%D0%B9%D0%BE%D0%BD
Added 52 urls
Следующая страница - https://www.avito.ru/dagestan/doma_dachi_kottedzhi/prodam-ASgBAgICAUSUA9AQ?cd=1&q=%D0%9A%D0%B0%D1%80%D0%B0%D0%B1%D1%83%D0%B4%D0%B0%D1%85%D0%BA%D0%B5%D0%BD%D1%82%D1%81%D0%BA%D0%B8%D0%B9+%D1%80%D0%B0%D0%B9%D0%BE%D0%BD&p=2
Следующая страница - https://www.avito.ru/dagestan/doma_dachi_kottedzhi/prodam-ASgBAgICAUSUA9AQ?cd=1&p=3&q=%D0%9A%D0%B0%D1%80%D0%B0%D0%B1%D1%83%D0%B4%D0%B0%D1%85%D0%BA%D0%B5%D0%BD%D1%82%D1%81%D0%BA%D0%B8%D0%B9+%D1%80%D0%B0%D0%B9%D0%BE%D0%BD
Следующая страница - https://www.avito.ru/dagestan/doma_dachi_kottedzhi/prodam-ASgBAgICAUSUA9AQ?cd=1&p=4&q=%D0%9A%D0%B0%D1%80%D0%B0%D0%B1%D1%83%D0%B4%D0%B0%D1%85%D0%BA%D0%B5%D0%BD%D1%82%D1%81%D0%BA%D0%B8%D0%B9+%D1%80%D0%B0%D0%B9%D0%BE%D0%BD
Нет более страниц - https://www.avito.ru/dagestan/doma_dachi_kottedzhi/prodam-ASgBAgICAUSUA9AQ?cd=1&p=4&q=%D0%9A%D0%B0%D1%80%D0%B0%D0%B1%D1%83%D0%B4%D0%B0%D1%85%D0%BA%D0%B5%D0%BD%D1%82%D1%81%D0%BA%D0%B8%D0%B9+%D1%80%D0%B0%D0%B9%D0%BE%D0%BD
Added 176 urls
Следующая страница - https://www.avito.ru/dagestan/kvartiry/prodam-ASgBAgICAUSSA8YQ?cd=1&q=%D0%9A%D0%B0%D1%80%D0%B0%D0%B1%D1%83%D0%B4%D0%B0%D1%85%D0%BA%D0%B5%D0%BD%D1%82%D1%81%D0%BA%D0%B8%D0%B9+%D1%80%D0%B0%D0%B9%D0%BE%D0%BD&p=2
Нет более страниц - https://www.avito.ru/dagestan/kvartiry/prodam-ASgBAgICAUSSA8YQ?cd=1&p=2&q=%D0%9A%D0%B0%D1%80%D0%B0%D0%B1%D1%83%D0%B4%D0%B0%D1%85%D0%BA%D0%B5%D0%BD%D1%82%D1%81%D0%BA%D0%B8%D0%B9+%D1%80%D0%B0%D0%B9%D0%BE%D0%BD
Added 57 urls
Нет более страниц - https://www.avito.ru/dagestan/kvartiry/prodam/vtorichka-ASgBAQICAUSSA8YQAUDmBxSMUg?cd=1&q=%D0%9A%D0%B0%D1%80%D0%B0%D0%B1%D1%83%D0%B4%D0%B0%D1%85%D0%BA%D0%B5%D0%BD%D1%82%D1%81%D0%BA%D0%B8%D0%B9+%D1%80%D0%B0%D0%B9%D0%BE%D0%BD
Added 70 urls
Нет более страниц - https://www.avito.ru/dagestan/kommercheskaya_nedvizhimost/prodam-ASgBAgICAUSwCNJW?cd=1&q=%D0%9A%D0%B0%D1%80%D0%B0%D0%B1%D1%83%D0%B4%D0%B0%D1%85%D0%BA%D0%B5%D0%BD%D1%82%D1%81%D0%BA%D0%B8%D0%B9+%D1%80%D0%B0%D0%B9%D0%BE%D0%BD
Added 50 urls
Следующая страница - https://www.avito.ru/dagestan/zemelnye_uchastki?cd=1&q=%D0%9C%D0%B0%D0%B3%D0%B0%D1%80%D0%B0%D0%BC%D0%BA%D0%B5%D0%BD%D1%82%D1%81%D0%BA%D0%B8%D0%B9+%D1%80%D0%B0%D0%B9%D0%BE%D0%BD&p=2
Следующая страница - https://www.avito.ru/dagestan/zemelnye_uchastki?cd=1&p=3&q=%D0%9C%D0%B0%D0%B3%D0%B0%D1%80%D0%B0%D0%BC%D0%BA%D0%B5%D0%BD%D1%82%D1%81%D0%BA%D0%B8%D0%B9+%D1%80%D0%B0%D0%B9%D0%BE%D0%BD
Нет более страниц - https://www.avito.ru/dagestan/zemelnye_uchastki?cd=1&p=3&q=%D0%9C%D0%B0%D0%B3%D0%B0%D1%80%D0%B0%D0%BC%D0%BA%D0%B5%D0%BD%D1%82%D1%81%D0%BA%D0%B8%D0%B9+%D1%80%D0%B0%D0%B9%D0%BE%D0%BD
Added 131 urls
Нет более страниц - https://www.avito.ru/dagestan/doma_dachi_kottedzhi/prodam-ASgBAgICAUSUA9AQ?cd=1&q=%D0%9C%D0%B0%D0%B3%D0%B0%D1%80%D0%B0%D0%BC%D0%BA%D0%B5%D0%BD%D1%82%D1%81%D0%BA%D0%B8%D0%B9+%D1%80%D0%B0%D0%B9%D0%BE%D0%BD
Added 41 urls
Нет более страниц - https://www.avito.ru/dagestan/kvartiry/prodam-ASgBAgICAUSSA8YQ?cd=1&q=%D0%9C%D0%B0%D0%B3%D0%B0%D1%80%D0%B0%D0%BC%D0%BA%D0%B5%D0%BD%D1%82%D1%81%D0%BA%D0%B8%D0%B9+%D1%80%D0%B0%D0%B9%D0%BE%D0%BD
Added 63 urls
Нет более страниц - https://www.avito.ru/dagestan/kvartiry/prodam/vtorichka-ASgBAQICAUSSA8YQAUDmBxSMUg?cd=1&q=%D0%9C%D0%B0%D0%B3%D0%B0%D1%80%D0%B0%D0%BC%D0%BA%D0%B5%D0%BD%D1%82%D1%81%D0%BA%D0%B8%D0%B9+%D1%80%D0%B0%D0%B9%D0%BE%D0%BD
Added 68 urls
Нет более страниц - https://www.avito.ru/dagestan/kommercheskaya_nedvizhimost/prodam-ASgBAgICAUSwCNJW?cd=1&q=%D0%9C%D0%B0%D0%B3%D0%B0%D1%80%D0%B0%D0%BC%D0%BA%D0%B5%D0%BD%D1%82%D1%81%D0%BA%D0%B8%D0%B9+%D1%80%D0%B0%D0%B9%D0%BE%D0%BD
Added 52 urls
Следующая страница - https://www.avito.ru/dagestan/zemelnye_uchastki?cd=1&q=%D0%91%D1%83%D0%B9%D0%BD%D0%B0%D0%BA%D1%81%D0%BA%D0%B8%D0%B9+%D1%80%D0%B0%D0%B9%D0%BE%D0%BD&p=2
Следующая страница - https://www.avito.ru/dagestan/zemelnye_uchastki?cd=1&p=3&q=%D0%91%D1%83%D0%B9%D0%BD%D0%B0%D0%BA%D1%81%D0%BA%D0%B8%D0%B9+%D1%80%D0%B0%D0%B9%D0%BE%D0%BD
Следующая страница - https://www.avito.ru/dagestan/zemelnye_uchastki?cd=1&p=4&q=%D0%91%D1%83%D0%B9%D0%BD%D0%B0%D0%BA%D1%81%D0%BA%D0%B8%D0%B9+%D1%80%D0%B0%D0%B9%D0%BE%D0%BD
Следующая страница - https://www.avito.ru/dagestan/zemelnye_uchastki?cd=1&p=5&q=%D0%91%D1%83%D0%B9%D0%BD%D0%B0%D0%BA%D1%81%D0%BA%D0%B8%D0%B9+%D1%80%D0%B0%D0%B9%D0%BE%D0%BD
Нет более страниц - https://www.avito.ru/dagestan/zemelnye_uchastki?cd=1&p=5&q=%D0%91%D1%83%D0%B9%D0%BD%D0%B0%D0%BA%D1%81%D0%BA%D0%B8%D0%B9+%D1%80%D0%B0%D0%B9%D0%BE%D0%BD
Added 205 urls
Нет более страниц - https://www.avito.ru/dagestan/garazhi_i_mashinomesta?cd=1&q=%D0%91%D1%83%D0%B9%D0%BD%D0%B0%D0%BA%D1%81%D0%BA%D0%B8%D0%B9+%D1%80%D0%B0%D0%B9%D0%BE%D0%BD
Added 4 urls
Следующая страница - https://www.avito.ru/dagestan/doma_dachi_kottedzhi/prodam-ASgBAgICAUSUA9AQ?cd=1&q=%D0%91%D1%83%D0%B9%D0%BD%D0%B0%D0%BA%D1%81%D0%BA%D0%B8%D0%B9+%D1%80%D0%B0%D0%B9%D0%BE%D0%BD&p=2
Нет более страниц - https://www.avito.ru/dagestan/doma_dachi_kottedzhi/prodam-ASgBAgICAUSUA9AQ?cd=1&p=2&q=%D0%91%D1%83%D0%B9%D0%BD%D0%B0%D0%BA%D1%81%D0%BA%D0%B8%D0%B9+%D1%80%D0%B0%D0%B9%D0%BE%D0%BD
Added 86 urls
Нет более страниц - https://www.avito.ru/dagestan/kvartiry/prodam-ASgBAgICAUSSA8YQ?cd=1&q=%D0%91%D1%83%D0%B9%D0%BD%D0%B0%D0%BA%D1%81%D0%BA%D0%B8%D0%B9+%D1%80%D0%B0%D0%B9%D0%BE%D0%BD
Added 62 urls
Нет более страниц - https://www.avito.ru/dagestan/kvartiry/prodam/vtorichka-ASgBAQICAUSSA8YQAUDmBxSMUg?cd=1&q=%D0%91%D1%83%D0%B9%D0%BD%D0%B0%D0%BA%D1%81%D0%BA%D0%B8%D0%B9+%D1%80%D0%B0%D0%B9%D0%BE%D0%BD
Added 61 urls
Нет более страниц - https://www.avito.ru/dagestan/komnaty/prodam-ASgBAgICAUSQA7wQ?cd=1&q=%D0%91%D1%83%D0%B9%D0%BD%D0%B0%D0%BA%D1%81%D0%BA%D0%B8%D0%B9+%D1%80%D0%B0%D0%B9%D0%BE%D0%BD
Added 2 urls
Нет более страниц - https://www.avito.ru/dagestan/kommercheskaya_nedvizhimost/prodam-ASgBAgICAUSwCNJW?cd=1&q=%D0%91%D1%83%D0%B9%D0%BD%D0%B0%D0%BA%D1%81%D0%BA%D0%B8%D0%B9+%D1%80%D0%B0%D0%B9%D0%BE%D0%BD
Added 7 urls
Следующая страница - https://www.avito.ru/dagestan/zemelnye_uchastki?cd=1&q=%D0%9A%D0%B0%D0%B7%D0%B1%D0%B5%D0%BA%D0%BE%D0%B2%D1%81%D0%BA%D0%B8%D0%B9+%D1%80%D0%B0%D0%B9%D0%BE%D0%BD&p=2
Нет более страниц - https://www.avito.ru/dagestan/zemelnye_uchastki?cd=1&p=2&q=%D0%9A%D0%B0%D0%B7%D0%B1%D0%B5%D0%BA%D0%BE%D0%B2%D1%81%D0%BA%D0%B8%D0%B9+%D1%80%D0%B0%D0%B9%D0%BE%D0%BD
Added 52 urls
Нет более страниц - https://www.avito.ru/dagestan/garazhi_i_mashinomesta?cd=1&q=%D0%9A%D0%B0%D0%B7%D0%B1%D0%B5%D0%BA%D0%BE%D0%B2%D1%81%D0%BA%D0%B8%D0%B9+%D1%80%D0%B0%D0%B9%D0%BE%D0%BD
Added 51 urls
Нет более страниц - https://www.avito.ru/dagestan/kvartiry/prodam-ASgBAgICAUSSA8YQ?cd=1&q=%D0%9A%D0%B0%D0%B7%D0%B1%D0%B5%D0%BA%D0%BE%D0%B2%D1%81%D0%BA%D0%B8%D0%B9+%D1%80%D0%B0%D0%B9%D0%BE%D0%BD
Added 68 urls
Нет более страниц - https://www.avito.ru/dagestan/kvartiry/prodam/vtorichka-ASgBAQICAUSSA8YQAUDmBxSMUg?cd=1&q=%D0%9A%D0%B0%D0%B7%D0%B1%D0%B5%D0%BA%D0%BE%D0%B2%D1%81%D0%BA%D0%B8%D0%B9+%D1%80%D0%B0%D0%B9%D0%BE%D0%BD
Added 66 urls
Нет более страниц - https://www.avito.ru/dagestan/doma_dachi_kottedzhi/prodam-ASgBAgICAUSUA9AQ?cd=1&q=%D0%9A%D0%B0%D0%B7%D0%B1%D0%B5%D0%BA%D0%BE%D0%B2%D1%81%D0%BA%D0%B8%D0%B9+%D1%80%D0%B0%D0%B9%D0%BE%D0%BD
Added 64 urls
https://www.avito.ru/dagestan?forceLocation=1
Message: Unable to locate element: //input[contains(@class,'input-input-')]
Stacktrace:
RemoteError@chrome://remote/content/shared/RemoteError.sys.mjs:8:8
WebDriverError@chrome://remote/content/shared/webdriver/Errors.sys.mjs:182:5
NoSuchElementError@chrome://remote/content/shared/webdriver/Errors.sys.mjs:394:5
element.find/</<@chrome://remote/content/marionette/element.sys.mjs:134:16

Следующая страница - https://www.avito.ru/dagestan/zemelnye_uchastki?cd=1&q=%D0%9A%D0%B0%D0%B9%D1%82%D0%B0%D0%B3%D1%81%D0%BA%D0%B8%D0%B9+%D1%80%D0%B0%D0%B9%D0%BE%D0%BD&p=2
Нет более страниц - https://www.avito.ru/dagestan/zemelnye_uchastki?cd=1&p=2&q=%D0%9A%D0%B0%D0%B9%D1%82%D0%B0%D0%B3%D1%81%D0%BA%D0%B8%D0%B9+%D1%80%D0%B0%D0%B9%D0%BE%D0%BD
Added 72 urls
Нет более страниц - https://www.avito.ru/dagestan/doma_dachi_kottedzhi/prodam-ASgBAgICAUSUA9AQ?cd=1&q=%D0%9A%D0%B0%D0%B9%D1%82%D0%B0%D0%B3%D1%81%D0%BA%D0%B8%D0%B9+%D1%80%D0%B0%D0%B9%D0%BE%D0%BD
Added 78 urls
Нет более страниц - https://www.avito.ru/dagestan/kvartiry/prodam-ASgBAgICAUSSA8YQ?cd=1&q=%D0%9A%D0%B0%D0%B9%D1%82%D0%B0%D0%B3%D1%81%D0%BA%D0%B8%D0%B9+%D1%80%D0%B0%D0%B9%D0%BE%D0%BD
Added 52 urls
Нет более страниц - https://www.avito.ru/dagestan/kvartiry/prodam/vtorichka-ASgBAQICAUSSA8YQAUDmBxSMUg?cd=1&q=%D0%9A%D0%B0%D0%B9%D1%82%D0%B0%D0%B3%D1%81%D0%BA%D0%B8%D0%B9+%D1%80%D0%B0%D0%B9%D0%BE%D0%BD
Added 52 urls
Следующая страница - https://www.avito.ru/dagestan/zemelnye_uchastki?cd=1&q=%D0%9D%D0%BE%D0%B2%D0%BE%D0%BB%D0%B0%D0%BA%D1%81%D0%BA%D0%B8%D0%B9+%D1%80%D0%B0%D0%B9%D0%BE%D0%BD&p=2
Нет более страниц - https://www.avito.ru/dagestan/zemelnye_uchastki?cd=1&p=2&q=%D0%9D%D0%BE%D0%B2%D0%BE%D0%BB%D0%B0%D0%BA%D1%81%D0%BA%D0%B8%D0%B9+%D1%80%D0%B0%D0%B9%D0%BE%D0%BD
Added 87 urls
Нет более страниц - https://www.avito.ru/dagestan/garazhi_i_mashinomesta?cd=1&q=%D0%9D%D0%BE%D0%B2%D0%BE%D0%BB%D0%B0%D0%BA%D1%81%D0%BA%D0%B8%D0%B9+%D1%80%D0%B0%D0%B9%D0%BE%D0%BD
Added 51 urls
Нет более страниц - https://www.avito.ru/dagestan/doma_dachi_kottedzhi/prodam-ASgBAgICAUSUA9AQ?cd=1&q=%D0%9D%D0%BE%D0%B2%D0%BE%D0%BB%D0%B0%D0%BA%D1%81%D0%BA%D0%B8%D0%B9+%D1%80%D0%B0%D0%B9%D0%BE%D0%BD
Added 47 urls
Нет более страниц - https://www.avito.ru/dagestan/kvartiry/prodam-ASgBAgICAUSSA8YQ?cd=1&q=%D0%9D%D0%BE%D0%B2%D0%BE%D0%BB%D0%B0%D0%BA%D1%81%D0%BA%D0%B8%D0%B9+%D1%80%D0%B0%D0%B9%D0%BE%D0%BD
Added 51 urls
Нет более страниц - https://www.avito.ru/dagestan/kvartiry/prodam/vtorichka-ASgBAQICAUSSA8YQAUDmBxSMUg?cd=1&q=%D0%9D%D0%BE%D0%B2%D0%BE%D0%BB%D0%B0%D0%BA%D1%81%D0%BA%D0%B8%D0%B9+%D1%80%D0%B0%D0%B9%D0%BE%D0%BD
Added 51 urls
Нет более страниц - https://www.avito.ru/dagestan/kvartiry/prodam-ASgBAgICAUSSA8YQ?cd=1&q=%D0%A1%D0%B5%D1%80%D0%B3%D0%BE%D0%BA%D0%B0%D0%BB%D0%B8%D0%BD%D1%81%D0%BA%D0%B8%D0%B9+%D1%80%D0%B0%D0%B9%D0%BE%D0%BD
Added 89 urls
Нет более страниц - https://www.avito.ru/dagestan/kvartiry/prodam/vtorichka-ASgBAQICAUSSA8YQAUDmBxSMUg?cd=1&q=%D0%A1%D0%B5%D1%80%D0%B3%D0%BE%D0%BA%D0%B0%D0%BB%D0%B8%D0%BD%D1%81%D0%BA%D0%B8%D0%B9+%D1%80%D0%B0%D0%B9%D0%BE%D0%BD
Added 85 urls
Нет более страниц - https://www.avito.ru/dagestan/doma_dachi_kottedzhi/prodam-ASgBAgICAUSUA9AQ?cd=1&q=%D0%A1%D0%B5%D1%80%D0%B3%D0%BE%D0%BA%D0%B0%D0%BB%D0%B8%D0%BD%D1%81%D0%BA%D0%B8%D0%B9+%D1%80%D0%B0%D0%B9%D0%BE%D0%BD
Added 62 urls
Нет более страниц - https://www.avito.ru/dagestan/zemelnye_uchastki?cd=1&q=%D0%A1%D0%B5%D1%80%D0%B3%D0%BE%D0%BA%D0%B0%D0%BB%D0%B8%D0%BD%D1%81%D0%BA%D0%B8%D0%B9+%D1%80%D0%B0%D0%B9%D0%BE%D0%BD
Added 55 urls
Нет более страниц - https://www.avito.ru/dagestan/kommercheskaya_nedvizhimost/prodam-ASgBAgICAUSwCNJW?cd=1&q=%D0%A1%D0%B5%D1%80%D0%B3%D0%BE%D0%BA%D0%B0%D0%BB%D0%B8%D0%BD%D1%81%D0%BA%D0%B8%D0%B9+%D1%80%D0%B0%D0%B9%D0%BE%D0%BD
Added 51 urls
Нет более страниц - https://www.avito.ru/dagestan/zemelnye_uchastki?cd=1&q=%D0%A2%D0%B0%D0%B1%D0%B0%D1%81%D0%B0%D1%80%D0%B0%D0%BD%D1%81%D0%BA%D0%B8%D0%B9+%D1%80%D0%B0%D0%B9%D0%BE%D0%BD
Added 66 urls
Нет более страниц - https://www.avito.ru/dagestan/doma_dachi_kottedzhi/prodam-ASgBAgICAUSUA9AQ?cd=1&q=%D0%A2%D0%B0%D0%B1%D0%B0%D1%81%D0%B0%D1%80%D0%B0%D0%BD%D1%81%D0%BA%D0%B8%D0%B9+%D1%80%D0%B0%D0%B9%D0%BE%D0%BD
Added 56 urls
Нет более страниц - https://www.avito.ru/dagestan/kvartiry/prodam-ASgBAgICAUSSA8YQ?cd=1&q=%D0%A2%D0%B0%D0%B1%D0%B0%D1%81%D0%B0%D1%80%D0%B0%D0%BD%D1%81%D0%BA%D0%B8%D0%B9+%D1%80%D0%B0%D0%B9%D0%BE%D0%BD
Added 51 urls
Нет более страниц - https://www.avito.ru/dagestan/kvartiry/prodam/vtorichka-ASgBAQICAUSSA8YQAUDmBxSMUg?cd=1&q=%D0%A2%D0%B0%D0%B1%D0%B0%D1%81%D0%B0%D1%80%D0%B0%D0%BD%D1%81%D0%BA%D0%B8%D0%B9+%D1%80%D0%B0%D0%B9%D0%BE%D0%BD
Added 51 urls
Нет более страниц - https://www.avito.ru/dagestan/kommercheskaya_nedvizhimost/prodam-ASgBAgICAUSwCNJW?cd=1&q=%D0%A2%D0%B0%D0%B1%D0%B0%D1%81%D0%B0%D1%80%D0%B0%D0%BD%D1%81%D0%BA%D0%B8%D0%B9+%D1%80%D0%B0%D0%B9%D0%BE%D0%BD
Added 51 urls
Следующая страница - https://www.avito.ru/dagestan/kvartiry/prodam-ASgBAgICAUSSA8YQ?cd=1&q=%D0%A5%D0%B8%D0%B2%D1%81%D0%BA%D0%B8%D0%B9+%D1%80%D0%B0%D0%B9%D0%BE%D0%BD&p=2
Нет более страниц - https://www.avito.ru/dagestan/kvartiry/prodam-ASgBAgICAUSSA8YQ?cd=1&p=2&q=%D0%A5%D0%B8%D0%B2%D1%81%D0%BA%D0%B8%D0%B9+%D1%80%D0%B0%D0%B9%D0%BE%D0%BD
Added 54 urls
Нет более страниц - https://www.avito.ru/dagestan/kvartiry/prodam/vtorichka-ASgBAQICAUSSA8YQAUDmBxSMUg?cd=1&q=%D0%A5%D0%B8%D0%B2%D1%81%D0%BA%D0%B8%D0%B9+%D1%80%D0%B0%D0%B9%D0%BE%D0%BD
Added 44 urls
Нет более страниц - https://www.avito.ru/dagestan/doma_dachi_kottedzhi/prodam-ASgBAgICAUSUA9AQ?cd=1&q=%D0%A5%D0%B8%D0%B2%D1%81%D0%BA%D0%B8%D0%B9+%D1%80%D0%B0%D0%B9%D0%BE%D0%BD
Added 55 urls
Нет более страниц - https://www.avito.ru/dagestan/zemelnye_uchastki?cd=1&q=%D0%A5%D0%B8%D0%B2%D1%81%D0%BA%D0%B8%D0%B9+%D1%80%D0%B0%D0%B9%D0%BE%D0%BD
Added 57 urls
Нет более страниц - https://www.avito.ru/dagestan/doma_dachi_kottedzhi/prodam-ASgBAgICAUSUA9AQ?cd=1&q=%D0%90%D0%B3%D1%83%D0%BB%D1%8C%D1%81%D0%BA%D0%B8%D0%B9+%D1%80%D0%B0%D0%B9%D0%BE%D0%BD
Added 51 urls
Следующая страница - https://www.avito.ru/dagestan/kvartiry/prodam-ASgBAgICAUSSA8YQ?cd=1&q=%D0%90%D0%BA%D1%83%D1%88%D0%B8%D0%BD%D1%81%D0%BA%D0%B8%D0%B9+%D1%80%D0%B0%D0%B9%D0%BE%D0%BD&p=2
Следующая страница - https://www.avito.ru/dagestan/kvartiry/prodam-ASgBAgICAUSSA8YQ?cd=1&p=3&q=%D0%90%D0%BA%D1%83%D1%88%D0%B8%D0%BD%D1%81%D0%BA%D0%B8%D0%B9+%D1%80%D0%B0%D0%B9%D0%BE%D0%BD
Следующая страница - https://www.avito.ru/dagestan/kvartiry/prodam-ASgBAgICAUSSA8YQ?cd=1&p=4&q=%D0%90%D0%BA%D1%83%D1%88%D0%B8%D0%BD%D1%81%D0%BA%D0%B8%D0%B9+%D1%80%D0%B0%D0%B9%D0%BE%D0%BD
Следующая страница - https://www.avito.ru/dagestan/kvartiry/prodam-ASgBAgICAUSSA8YQ?cd=1&p=5&q=%D0%90%D0%BA%D1%83%D1%88%D0%B8%D0%BD%D1%81%D0%BA%D0%B8%D0%B9+%D1%80%D0%B0%D0%B9%D0%BE%D0%BD
Нет более страниц - https://www.avito.ru/dagestan/kvartiry/prodam-ASgBAgICAUSSA8YQ?cd=1&p=5&q=%D0%90%D0%BA%D1%83%D1%88%D0%B8%D0%BD%D1%81%D0%BA%D0%B8%D0%B9+%D1%80%D0%B0%D0%B9%D0%BE%D0%BD
Added 243 urls
Следующая страница - https://www.avito.ru/dagestan/kvartiry/prodam/vtorichka-ASgBAQICAUSSA8YQAUDmBxSMUg?cd=1&q=%D0%90%D0%BA%D1%83%D1%88%D0%B8%D0%BD%D1%81%D0%BA%D0%B8%D0%B9+%D1%80%D0%B0%D0%B9%D0%BE%D0%BD&p=2
Следующая страница - https://www.avito.ru/dagestan/kvartiry/prodam/vtorichka-ASgBAQICAUSSA8YQAUDmBxSMUg?cd=1&p=3&q=%D0%90%D0%BA%D1%83%D1%88%D0%B8%D0%BD%D1%81%D0%BA%D0%B8%D0%B9+%D1%80%D0%B0%D0%B9%D0%BE%D0%BD
Следующая страница - https://www.avito.ru/dagestan/kvartiry/prodam/vtorichka-ASgBAQICAUSSA8YQAUDmBxSMUg?cd=1&p=4&q=%D0%90%D0%BA%D1%83%D1%88%D0%B8%D0%BD%D1%81%D0%BA%D0%B8%D0%B9+%D1%80%D0%B0%D0%B9%D0%BE%D0%BD
Следующая страница - https://www.avito.ru/dagestan/kvartiry/prodam/vtorichka-ASgBAQICAUSSA8YQAUDmBxSMUg?cd=1&p=5&q=%D0%90%D0%BA%D1%83%D1%88%D0%B8%D0%BD%D1%81%D0%BA%D0%B8%D0%B9+%D1%80%D0%B0%D0%B9%D0%BE%D0%BD
Нет более страниц - https://www.avito.ru/dagestan/kvartiry/prodam/vtorichka-ASgBAQICAUSSA8YQAUDmBxSMUg?cd=1&p=5&q=%D0%90%D0%BA%D1%83%D1%88%D0%B8%D0%BD%D1%81%D0%BA%D0%B8%D0%B9+%D1%80%D0%B0%D0%B9%D0%BE%D0%BD
Added 229 urls
Нет более страниц - https://www.avito.ru/dagestan/doma_dachi_kottedzhi/prodam-ASgBAgICAUSUA9AQ?cd=1&q=%D0%90%D0%BA%D1%83%D1%88%D0%B8%D0%BD%D1%81%D0%BA%D0%B8%D0%B9+%D1%80%D0%B0%D0%B9%D0%BE%D0%BD
Added 46 urls
Нет более страниц - https://www.avito.ru/dagestan/komnaty/prodam-ASgBAgICAUSQA7wQ?cd=1&q=%D0%90%D0%BA%D1%83%D1%88%D0%B8%D0%BD%D1%81%D0%BA%D0%B8%D0%B9+%D1%80%D0%B0%D0%B9%D0%BE%D0%BD
Added 49 urls
Нет более страниц - https://www.avito.ru/dagestan/zemelnye_uchastki?cd=1&q=%D0%90%D0%BA%D1%83%D1%88%D0%B8%D0%BD%D1%81%D0%BA%D0%B8%D0%B9+%D1%80%D0%B0%D0%B9%D0%BE%D0%BD
Added 79 urls
Нет более страниц - https://www.avito.ru/dagestan/kommercheskaya_nedvizhimost/prodam-ASgBAgICAUSwCNJW?cd=1&q=%D0%90%D0%BA%D1%83%D1%88%D0%B8%D0%BD%D1%81%D0%BA%D0%B8%D0%B9+%D1%80%D0%B0%D0%B9%D0%BE%D0%BD
Added 52 urls
Нет более страниц - https://www.avito.ru/dagestan/zemelnye_uchastki?cd=1&q=%D0%90%D1%85%D0%B2%D0%B0%D1%85%D1%81%D0%BA%D0%B8%D0%B9+%D1%80%D0%B0%D0%B9%D0%BE%D0%BD
Added 54 urls
Нет более страниц - https://www.avito.ru/dagestan/doma_dachi_kottedzhi/prodam-ASgBAgICAUSUA9AQ?cd=1&q=%D0%90%D1%85%D0%B2%D0%B0%D1%85%D1%81%D0%BA%D0%B8%D0%B9+%D1%80%D0%B0%D0%B9%D0%BE%D0%BD
Added 52 urls
Нет более страниц - https://www.avito.ru/dagestan/zemelnye_uchastki?cd=1&q=%D0%90%D1%85%D1%82%D1%8B%D0%BD%D1%81%D0%BA%D0%B8%D0%B9+%D1%80%D0%B0%D0%B9%D0%BE%D0%BD
Added 60 urls
Нет более страниц - https://www.avito.ru/dagestan/doma_dachi_kottedzhi/prodam-ASgBAgICAUSUA9AQ?cd=1&q=%D0%90%D1%85%D1%82%D1%8B%D0%BD%D1%81%D0%BA%D0%B8%D0%B9+%D1%80%D0%B0%D0%B9%D0%BE%D0%BD
Added 54 urls
Нет более страниц - https://www.avito.ru/dagestan/kvartiry/prodam-ASgBAgICAUSSA8YQ?cd=1&q=%D0%90%D1%85%D1%82%D1%8B%D0%BD%D1%81%D0%BA%D0%B8%D0%B9+%D1%80%D0%B0%D0%B9%D0%BE%D0%BD
Added 51 urls
Нет более страниц - https://www.avito.ru/dagestan/kvartiry/prodam/vtorichka-ASgBAQICAUSSA8YQAUDmBxSMUg?cd=1&q=%D0%90%D1%85%D1%82%D1%8B%D0%BD%D1%81%D0%BA%D0%B8%D0%B9+%D1%80%D0%B0%D0%B9%D0%BE%D0%BD
Added 51 urls
Нет более страниц - https://www.avito.ru/dagestan/zemelnye_uchastki?cd=1&q=%D0%91%D0%BE%D1%82%D0%BB%D0%B8%D1%85%D1%81%D0%BA%D0%B8%D0%B9+%D1%80%D0%B0%D0%B9%D0%BE%D0%BD
Added 54 urls
Нет более страниц - https://www.avito.ru/dagestan/doma_dachi_kottedzhi/prodam-ASgBAgICAUSUA9AQ?cd=1&q=%D0%91%D0%BE%D1%82%D0%BB%D0%B8%D1%85%D1%81%D0%BA%D0%B8%D0%B9+%D1%80%D0%B0%D0%B9%D0%BE%D0%BD
Added 3 urls
Нет более страниц - https://www.avito.ru/dagestan/doma_dachi_kottedzhi/prodam-ASgBAgICAUSUA9AQ?cd=1&q=%D0%93%D0%B5%D1%80%D0%B3%D0%B5%D0%B1%D0%B8%D0%BB%D1%8C%D1%81%D0%BA%D0%B8%D0%B9+%D1%80%D0%B0%D0%B9%D0%BE%D0%BD
Added 52 urls
Нет более страниц - https://www.avito.ru/dagestan/zemelnye_uchastki?cd=1&q=%D0%93%D0%B5%D1%80%D0%B3%D0%B5%D0%B1%D0%B8%D0%BB%D1%8C%D1%81%D0%BA%D0%B8%D0%B9+%D1%80%D0%B0%D0%B9%D0%BE%D0%BD
Added 51 urls
Нет более страниц - https://www.avito.ru/dagestan/kvartiry/prodam-ASgBAgICAUSSA8YQ?cd=1&q=%D0%93%D1%83%D0%BC%D0%B1%D0%B5%D1%82%D0%BE%D0%B2%D1%81%D0%BA%D0%B8%D0%B9+%D1%80%D0%B0%D0%B9%D0%BE%D0%BD
Added 52 urls
Нет более страниц - https://www.avito.ru/dagestan/kvartiry/prodam/vtorichka-ASgBAQICAUSSA8YQAUDmBxSMUg?cd=1&q=%D0%93%D1%83%D0%BC%D0%B1%D0%B5%D1%82%D0%BE%D0%B2%D1%81%D0%BA%D0%B8%D0%B9+%D1%80%D0%B0%D0%B9%D0%BE%D0%BD
Added 52 urls
Нет более страниц - https://www.avito.ru/dagestan/doma_dachi_kottedzhi/prodam-ASgBAgICAUSUA9AQ?cd=1&q=%D0%93%D1%83%D0%BC%D0%B1%D0%B5%D1%82%D0%BE%D0%B2%D1%81%D0%BA%D0%B8%D0%B9+%D1%80%D0%B0%D0%B9%D0%BE%D0%BD
Added 51 urls
https://www.avito.ru/dagestan?forceLocation=1
Нажатие кнопки след. страницы не привёл к переходу!
Нет более страниц - https://www.avito.ru/dagestan/zemelnye_uchastki?cd=1&q=%D0%93%D1%83%D0%BD%D0%B8%D0%B1%D1%81%D0%BA%D0%B8%D0%B9+%D1%80%D0%B0%D0%B9%D0%BE%D0%BD
Added 61 urls
Нет более страниц - https://www.avito.ru/dagestan/doma_dachi_kottedzhi/prodam-ASgBAgICAUSUA9AQ?cd=1&q=%D0%93%D1%83%D0%BD%D0%B8%D0%B1%D1%81%D0%BA%D0%B8%D0%B9+%D1%80%D0%B0%D0%B9%D0%BE%D0%BD
Added 58 urls
Нет более страниц - https://www.avito.ru/dagestan/kvartiry/prodam-ASgBAgICAUSSA8YQ?cd=1&q=%D0%93%D1%83%D0%BD%D0%B8%D0%B1%D1%81%D0%BA%D0%B8%D0%B9+%D1%80%D0%B0%D0%B9%D0%BE%D0%BD
Added 54 urls
Нет более страниц - https://www.avito.ru/dagestan/kvartiry/prodam/vtorichka-ASgBAQICAUSSA8YQAUDmBxSMUg?cd=1&q=%D0%93%D1%83%D0%BD%D0%B8%D0%B1%D1%81%D0%BA%D0%B8%D0%B9+%D1%80%D0%B0%D0%B9%D0%BE%D0%BD
Added 53 urls
Нет более страниц - https://www.avito.ru/dagestan/zemelnye_uchastki?cd=1&q=%D0%94%D0%B0%D1%85%D0%B0%D0%B4%D0%B0%D0%B5%D0%B2%D1%81%D0%BA%D0%B8%D0%B9+%D1%80%D0%B0%D0%B9%D0%BE%D0%BD
Added 55 urls
Нет более страниц - https://www.avito.ru/dagestan/doma_dachi_kottedzhi/prodam-ASgBAgICAUSUA9AQ?cd=1&q=%D0%94%D0%B0%D1%85%D0%B0%D0%B4%D0%B0%D0%B5%D0%B2%D1%81%D0%BA%D0%B8%D0%B9+%D1%80%D0%B0%D0%B9%D0%BE%D0%BD
Added 52 urls
https://www.avito.ru/dagestan/nedvizhimost?localPriority=0&q=%D0%9A%D1%83%D0%BB%D0%B8%D0%BD%D1%81%D0%BA%D0%B8%D0%B9+%D1%80%D0%B0%D0%B9%D0%BE%D0%BD
Категории не найдены https://www.avito.ru/dagestan/nedvizhimost?localPriority=0&q=%D0%9A%D1%83%D0%BB%D0%B8%D0%BD%D1%81%D0%BA%D0%B8%D0%B9+%D1%80%D0%B0%D0%B9%D0%BE%D0%BD!
https://www.avito.ru/dagestan/nedvizhimost?localPriority=0&q=%D0%9A%D1%83%D0%BB%D0%B8%D0%BD%D1%81%D0%BA%D0%B8%D0%B9+%D1%80%D0%B0%D0%B9%D0%BE%D0%BD
Категории не найдены https://www.avito.ru/dagestan/nedvizhimost?localPriority=0&q=%D0%9A%D1%83%D0%BB%D0%B8%D0%BD%D1%81%D0%BA%D0%B8%D0%B9+%D1%80%D0%B0%D0%B9%D0%BE%D0%BD!
https://www.avito.ru/dagestan/nedvizhimost?localPriority=0&q=%D0%9A%D1%83%D0%BB%D0%B8%D0%BD%D1%81%D0%BA%D0%B8%D0%B9+%D1%80%D0%B0%D0%B9%D0%BE%D0%BD
Категории не найдены https://www.avito.ru/dagestan/nedvizhimost?localPriority=0&q=%D0%9A%D1%83%D0%BB%D0%B8%D0%BD%D1%81%D0%BA%D0%B8%D0%B9+%D1%80%D0%B0%D0%B9%D0%BE%D0%BD!
https://www.avito.ru/dagestan/nedvizhimost?localPriority=0&q=%D0%9A%D1%83%D0%BB%D0%B8%D0%BD%D1%81%D0%BA%D0%B8%D0%B9+%D1%80%D0%B0%D0%B9%D0%BE%D0%BD
Категории не найдены https://www.avito.ru/dagestan/nedvizhimost?localPriority=0&q=%D0%9A%D1%83%D0%BB%D0%B8%D0%BD%D1%81%D0%BA%D0%B8%D0%B9+%D1%80%D0%B0%D0%B9%D0%BE%D0%BD!
https://www.avito.ru/dagestan/nedvizhimost?localPriority=0&q=%D0%9A%D1%83%D0%BB%D0%B8%D0%BD%D1%81%D0%BA%D0%B8%D0%B9+%D1%80%D0%B0%D0%B9%D0%BE%D0%BD
Message: The element with the reference 78316135-2065-4a23-a429-7ca8ec74a966 is stale; either its node document is not the active document, or it is no longer connected to the DOM
Stacktrace:
RemoteError@chrome://remote/content/shared/RemoteError.sys.mjs:8:8
WebDriverError@chrome://remote/content/shared/webdriver/Errors.sys.mjs:182:5
StaleElementReferenceError@chrome://remote/content/shared/webdriver/Errors.sys.mjs:484:5
element.getKnownElement@chrome://remote/content/marionette/element.sys.mjs:488:11
deserializeJSON@chrome://remote/content/marionette/json.sys.mjs:233:33
cloneObject@chrome://remote/content/marionette/json.sys.mjs:56:24
deserializeJSON@chrome://remote/content/marionette/json.sys.mjs:244:16
json.deserialize@chrome://remote/content/marionette/json.sys.mjs:248:10
receiveMessage@chrome://remote/content/marionette/actors/MarionetteCommandsChild.sys.mjs:85:30

Нет категорий в Кулинский район - https://www.avito.ru/dagestan/nedvizhimost?localPriority=0&q=%D0%9A%D1%83%D0%BB%D0%B8%D0%BD%D1%81%D0%BA%D0%B8%D0%B9+%D1%80%D0%B0%D0%B9%D0%BE%D0%BD
Нет более страниц - https://www.avito.ru/dagestan/zemelnye_uchastki?cd=1&q=%D0%9A%D1%83%D1%80%D0%B0%D1%85%D1%81%D0%BA%D0%B8%D0%B9+%D1%80%D0%B0%D0%B9%D0%BE%D0%BD
Added 56 urls
Нет более страниц - https://www.avito.ru/dagestan/doma_dachi_kottedzhi/prodam-ASgBAgICAUSUA9AQ?cd=1&q=%D0%9A%D1%83%D1%80%D0%B0%D1%85%D1%81%D0%BA%D0%B8%D0%B9+%D1%80%D0%B0%D0%B9%D0%BE%D0%BD
Added 52 urls
Нет более страниц - https://www.avito.ru/dagestan/zemelnye_uchastki?cd=1&q=%D0%9B%D0%B0%D0%BA%D1%81%D0%BA%D0%B8%D0%B9+%D1%80%D0%B0%D0%B9%D0%BE%D0%BD
Added 61 urls
Нет более страниц - https://www.avito.ru/dagestan/doma_dachi_kottedzhi/prodam-ASgBAgICAUSUA9AQ?cd=1&q=%D0%9B%D0%B0%D0%BA%D1%81%D0%BA%D0%B8%D0%B9+%D1%80%D0%B0%D0%B9%D0%BE%D0%BD
Added 52 urls
Нет более страниц - https://www.avito.ru/dagestan/zemelnye_uchastki?cd=1&q=%D0%9B%D0%B5%D0%B2%D0%B0%D1%88%D0%B8%D0%BD%D1%81%D0%BA%D0%B8%D0%B9+%D1%80%D0%B0%D0%B9%D0%BE%D0%BD
Added 66 urls
Нет более страниц - https://www.avito.ru/dagestan/garazhi_i_mashinomesta?cd=1&q=%D0%9B%D0%B5%D0%B2%D0%B0%D1%88%D0%B8%D0%BD%D1%81%D0%BA%D0%B8%D0%B9+%D1%80%D0%B0%D0%B9%D0%BE%D0%BD
Added 50 urls
Нет более страниц - https://www.avito.ru/dagestan/doma_dachi_kottedzhi/prodam-ASgBAgICAUSUA9AQ?cd=1&q=%D0%9B%D0%B5%D0%B2%D0%B0%D1%88%D0%B8%D0%BD%D1%81%D0%BA%D0%B8%D0%B9+%D1%80%D0%B0%D0%B9%D0%BE%D0%BD
Added 60 urls
Нет более страниц - https://www.avito.ru/dagestan/kommercheskaya_nedvizhimost/prodam-ASgBAgICAUSwCNJW?cd=1&q=%D0%9B%D0%B5%D0%B2%D0%B0%D1%88%D0%B8%D0%BD%D1%81%D0%BA%D0%B8%D0%B9+%D1%80%D0%B0%D0%B9%D0%BE%D0%BD
Added 51 urls
Нет более страниц - https://www.avito.ru/dagestan/kvartiry/prodam-ASgBAgICAUSSA8YQ?cd=1&q=%D0%A0%D1%83%D1%82%D1%83%D0%BB%D1%8C%D1%81%D0%BA%D0%B8%D0%B9+%D1%80%D0%B0%D0%B9%D0%BE%D0%BD
Added 51 urls
Нет более страниц - https://www.avito.ru/dagestan/kvartiry/prodam/vtorichka-ASgBAQICAUSSA8YQAUDmBxSMUg?cd=1&q=%D0%A0%D1%83%D1%82%D1%83%D0%BB%D1%8C%D1%81%D0%BA%D0%B8%D0%B9+%D1%80%D0%B0%D0%B9%D0%BE%D0%BD
Added 51 urls
Нет более страниц - https://www.avito.ru/dagestan/doma_dachi_kottedzhi/prodam-ASgBAgICAUSUA9AQ?cd=1&q=%D0%A8%D0%B0%D0%BC%D0%B8%D0%BB%D1%8C%D1%81%D0%BA%D0%B8%D0%B9+%D1%80%D0%B0%D0%B9%D0%BE%D0%BD
Added 54 urls
Нет более страниц - https://www.avito.ru/dagestan/zemelnye_uchastki?cd=1&q=%D0%A8%D0%B0%D0%BC%D0%B8%D0%BB%D1%8C%D1%81%D0%BA%D0%B8%D0%B9+%D1%80%D0%B0%D0%B9%D0%BE%D0%BD
Added 52 urls
Нет более страниц - https://www.avito.ru/dagestan/zemelnye_uchastki?cd=1&q=%D0%A2%D0%BB%D1%8F%D1%80%D0%B0%D1%82%D0%B8%D0%BD%D1%81%D0%BA%D0%B8%D0%B9+%D1%80%D0%B0%D0%B9%D0%BE%D0%BD
Added 51 urls
Нет более страниц - https://www.avito.ru/dagestan/kvartiry/prodam-ASgBAgICAUSSA8YQ?cd=1&q=%D0%A3%D0%BD%D1%86%D1%83%D0%BA%D1%83%D0%BB%D1%8C%D1%81%D0%BA%D0%B8%D0%B9+%D1%80%D0%B0%D0%B9%D0%BE%D0%BD
Added 54 urls
Нет более страниц - https://www.avito.ru/dagestan/kvartiry/prodam/vtorichka-ASgBAQICAUSSA8YQAUDmBxSMUg?cd=1&q=%D0%A3%D0%BD%D1%86%D1%83%D0%BA%D1%83%D0%BB%D1%8C%D1%81%D0%BA%D0%B8%D0%B9+%D1%80%D0%B0%D0%B9%D0%BE%D0%BD
Added 50 urls
Нет более страниц - https://www.avito.ru/dagestan/doma_dachi_kottedzhi/prodam-ASgBAgICAUSUA9AQ?cd=1&q=%D0%A3%D0%BD%D1%86%D1%83%D0%BA%D1%83%D0%BB%D1%8C%D1%81%D0%BA%D0%B8%D0%B9+%D1%80%D0%B0%D0%B9%D0%BE%D0%BD
Added 51 urls
Нет более страниц - https://www.avito.ru/dagestan/zemelnye_uchastki?cd=1&q=%D0%A3%D0%BD%D1%86%D1%83%D0%BA%D1%83%D0%BB%D1%8C%D1%81%D0%BA%D0%B8%D0%B9+%D1%80%D0%B0%D0%B9%D0%BE%D0%BD
Added 54 urls
Нет более страниц - https://www.avito.ru/dagestan/doma_dachi_kottedzhi/prodam-ASgBAgICAUSUA9AQ?cd=1&q=%D0%A5%D1%83%D0%BD%D0%B7%D0%B0%D1%85%D1%81%D0%BA%D0%B8%D0%B9+%D1%80%D0%B0%D0%B9%D0%BE%D0%BD
Added 51 urls
https://www.avito.ru/dagestan?localPriority=0&q=%D0%A6%D1%83%D0%BD%D1%82%D0%B8%D0%BD%D1%81%D0%BA%D0%B8%D0%B9+%D1%80%D0%B0%D0%B9%D0%BE%D0%BD
Message: Unable to locate element: //a[(contains(@class, 'rubricator-list-') or contains(@class, 'js-catalog-counts__link')) and (contains(@title, 'Недвижимость'))]
Stacktrace:
RemoteError@chrome://remote/content/shared/RemoteError.sys.mjs:8:8
WebDriverError@chrome://remote/content/shared/webdriver/Errors.sys.mjs:182:5
NoSuchElementError@chrome://remote/content/shared/webdriver/Errors.sys.mjs:394:5
element.find/</<@chrome://remote/content/marionette/element.sys.mjs:134:16

https://www.avito.ru/dagestan?localPriority=0&q=%D0%A6%D1%83%D0%BD%D1%82%D0%B8%D0%BD%D1%81%D0%BA%D0%B8%D0%B9+%D1%80%D0%B0%D0%B9%D0%BE%D0%BD
Message: Unable to locate element: //a[(contains(@class, 'rubricator-list-') or contains(@class, 'js-catalog-counts__link')) and (contains(@title, 'Недвижимость'))]
Stacktrace:
RemoteError@chrome://remote/content/shared/RemoteError.sys.mjs:8:8
WebDriverError@chrome://remote/content/shared/webdriver/Errors.sys.mjs:182:5
NoSuchElementError@chrome://remote/content/shared/webdriver/Errors.sys.mjs:394:5
element.find/</<@chrome://remote/content/marionette/element.sys.mjs:134:16

https://www.avito.ru/dagestan?localPriority=0&q=%D0%A6%D1%83%D0%BD%D1%82%D0%B8%D0%BD%D1%81%D0%BA%D0%B8%D0%B9+%D1%80%D0%B0%D0%B9%D0%BE%D0%BD
Message: Unable to locate element: //a[(contains(@class, 'rubricator-list-') or contains(@class, 'js-catalog-counts__link')) and (contains(@title, 'Недвижимость'))]
Stacktrace:
RemoteError@chrome://remote/content/shared/RemoteError.sys.mjs:8:8
WebDriverError@chrome://remote/content/shared/webdriver/Errors.sys.mjs:182:5
NoSuchElementError@chrome://remote/content/shared/webdriver/Errors.sys.mjs:394:5
element.find/</<@chrome://remote/content/marionette/element.sys.mjs:134:16

https://www.avito.ru/dagestan?localPriority=0&q=%D0%A6%D1%83%D0%BD%D1%82%D0%B8%D0%BD%D1%81%D0%BA%D0%B8%D0%B9+%D1%80%D0%B0%D0%B9%D0%BE%D0%BD
Message: Unable to locate element: //a[(contains(@class, 'rubricator-list-') or contains(@class, 'js-catalog-counts__link')) and (contains(@title, 'Недвижимость'))]
Stacktrace:
RemoteError@chrome://remote/content/shared/RemoteError.sys.mjs:8:8
WebDriverError@chrome://remote/content/shared/webdriver/Errors.sys.mjs:182:5
NoSuchElementError@chrome://remote/content/shared/webdriver/Errors.sys.mjs:394:5
element.find/</<@chrome://remote/content/marionette/element.sys.mjs:134:16

https://www.avito.ru/dagestan?localPriority=0&q=%D0%A6%D1%83%D0%BD%D1%82%D0%B8%D0%BD%D1%81%D0%BA%D0%B8%D0%B9+%D1%80%D0%B0%D0%B9%D0%BE%D0%BD
Message: Unable to locate element: //a[(contains(@class, 'rubricator-list-') or contains(@class, 'js-catalog-counts__link')) and (contains(@title, 'Недвижимость'))]
Stacktrace:
RemoteError@chrome://remote/content/shared/RemoteError.sys.mjs:8:8
WebDriverError@chrome://remote/content/shared/webdriver/Errors.sys.mjs:182:5
NoSuchElementError@chrome://remote/content/shared/webdriver/Errors.sys.mjs:394:5
element.find/</<@chrome://remote/content/marionette/element.sys.mjs:134:16

https://www.avito.ru/dagestan?localPriority=0&q=%D0%A6%D1%83%D0%BD%D1%82%D0%B8%D0%BD%D1%81%D0%BA%D0%B8%D0%B9+%D1%80%D0%B0%D0%B9%D0%BE%D0%BD
Категории не найдены https://www.avito.ru/dagestan?localPriority=0&q=%D0%A6%D1%83%D0%BD%D1%82%D0%B8%D0%BD%D1%81%D0%BA%D0%B8%D0%B9+%D1%80%D0%B0%D0%B9%D0%BE%D0%BD!
https://www.avito.ru/dagestan?localPriority=0&q=%D0%A6%D1%83%D0%BD%D1%82%D0%B8%D0%BD%D1%81%D0%BA%D0%B8%D0%B9+%D1%80%D0%B0%D0%B9%D0%BE%D0%BD
Категории не найдены https://www.avito.ru/dagestan?localPriority=0&q=%D0%A6%D1%83%D0%BD%D1%82%D0%B8%D0%BD%D1%81%D0%BA%D0%B8%D0%B9+%D1%80%D0%B0%D0%B9%D0%BE%D0%BD!
https://www.avito.ru/dagestan?localPriority=0&q=%D0%A6%D1%83%D0%BD%D1%82%D0%B8%D0%BD%D1%81%D0%BA%D0%B8%D0%B9+%D1%80%D0%B0%D0%B9%D0%BE%D0%BD
Категории не найдены https://www.avito.ru/dagestan?localPriority=0&q=%D0%A6%D1%83%D0%BD%D1%82%D0%B8%D0%BD%D1%81%D0%BA%D0%B8%D0%B9+%D1%80%D0%B0%D0%B9%D0%BE%D0%BD!
https://www.avito.ru/dagestan?localPriority=0&q=%D0%A6%D1%83%D0%BD%D1%82%D0%B8%D0%BD%D1%81%D0%BA%D0%B8%D0%B9+%D1%80%D0%B0%D0%B9%D0%BE%D0%BD
Категории не найдены https://www.avito.ru/dagestan?localPriority=0&q=%D0%A6%D1%83%D0%BD%D1%82%D0%B8%D0%BD%D1%81%D0%BA%D0%B8%D0%B9+%D1%80%D0%B0%D0%B9%D0%BE%D0%BD!
https://www.avito.ru/dagestan?localPriority=0&q=%D0%A6%D1%83%D0%BD%D1%82%D0%B8%D0%BD%D1%81%D0%BA%D0%B8%D0%B9+%D1%80%D0%B0%D0%B9%D0%BE%D0%BD
Категории не найдены https://www.avito.ru/dagestan?localPriority=0&q=%D0%A6%D1%83%D0%BD%D1%82%D0%B8%D0%BD%D1%81%D0%BA%D0%B8%D0%B9+%D1%80%D0%B0%D0%B9%D0%BE%D0%BD!
Нет категорий в Цунтинский район - https://www.avito.ru/dagestan?localPriority=0&q=%D0%A6%D1%83%D0%BD%D1%82%D0%B8%D0%BD%D1%81%D0%BA%D0%B8%D0%B9+%D1%80%D0%B0%D0%B9%D0%BE%D0%BD
Следующая страница - https://www.avito.ru/dagestan/kvartiry/prodam-ASgBAgICAUSSA8YQ?cd=1&q=%D0%A6%D1%83%D0%BC%D0%B0%D0%B4%D0%B8%D0%BD%D1%81%D0%BA%D0%B8%D0%B9+%D1%80%D0%B0%D0%B9%D0%BE%D0%BD&p=2
Следующая страница - https://www.avito.ru/dagestan/kvartiry/prodam-ASgBAgICAUSSA8YQ?cd=1&p=3&q=%D0%A6%D1%83%D0%BC%D0%B0%D0%B4%D0%B8%D0%BD%D1%81%D0%BA%D0%B8%D0%B9+%D1%80%D0%B0%D0%B9%D0%BE%D0%BD
Нет более страниц - https://www.avito.ru/dagestan/kvartiry/prodam-ASgBAgICAUSSA8YQ?cd=1&p=3&q=%D0%A6%D1%83%D0%BC%D0%B0%D0%B4%D0%B8%D0%BD%D1%81%D0%BA%D0%B8%D0%B9+%D1%80%D0%B0%D0%B9%D0%BE%D0%BD
Added 106 urls
Следующая страница - https://www.avito.ru/dagestan/kvartiry/prodam/vtorichka-ASgBAQICAUSSA8YQAUDmBxSMUg?cd=1&q=%D0%A6%D1%83%D0%BC%D0%B0%D0%B4%D0%B8%D0%BD%D1%81%D0%BA%D0%B8%D0%B9+%D1%80%D0%B0%D0%B9%D0%BE%D0%BD&p=2
Нет более страниц - https://www.avito.ru/dagestan/kvartiry/prodam/vtorichka-ASgBAQICAUSSA8YQAUDmBxSMUg?cd=1&p=2&q=%D0%A6%D1%83%D0%BC%D0%B0%D0%B4%D0%B8%D0%BD%D1%81%D0%BA%D0%B8%D0%B9+%D1%80%D0%B0%D0%B9%D0%BE%D0%BD
Added 97 urls
Нет более страниц - https://www.avito.ru/dagestan/doma_dachi_kottedzhi/prodam-ASgBAgICAUSUA9AQ?cd=1&q=%D0%A6%D1%83%D0%BC%D0%B0%D0%B4%D0%B8%D0%BD%D1%81%D0%BA%D0%B8%D0%B9+%D1%80%D0%B0%D0%B9%D0%BE%D0%BD
Added 58 urls
Нет более страниц - https://www.avito.ru/dagestan/zemelnye_uchastki?cd=1&q=%D0%A6%D1%83%D0%BC%D0%B0%D0%B4%D0%B8%D0%BD%D1%81%D0%BA%D0%B8%D0%B9+%D1%80%D0%B0%D0%B9%D0%BE%D0%BD
Added 52 urls
Нет более страниц - https://www.avito.ru/dagestan/zemelnye_uchastki?cd=1&q=%D0%A7%D0%B0%D1%80%D0%BE%D0%B4%D0%B8%D0%BD%D1%81%D0%BA%D0%B8%D0%B9+%D1%80%D0%B0%D0%B9%D0%BE%D0%BD
Added 51 urls
Нет более страниц - https://www.avito.ru/dagestan/doma_dachi_kottedzhi/prodam-ASgBAgICAUSUA9AQ?cd=1&q=%D0%A7%D0%B0%D1%80%D0%BE%D0%B4%D0%B8%D0%BD%D1%81%D0%BA%D0%B8%D0%B9+%D1%80%D0%B0%D0%B9%D0%BE%D0%BD
Added 52 urls
Следующая страница - https://www.avito.ru/dagestan/zemelnye_uchastki?cd=1&q=%D0%9A%D1%83%D0%BC%D1%82%D0%BE%D1%80%D0%BA%D0%B0%D0%BB%D0%B8%D0%BD%D1%81%D0%BA%D0%B8%D0%B9+%D1%80%D0%B0%D0%B9%D0%BE%D0%BD&p=2
Следующая страница - https://www.avito.ru/dagestan/zemelnye_uchastki?cd=1&p=3&q=%D0%9A%D1%83%D0%BC%D1%82%D0%BE%D1%80%D0%BA%D0%B0%D0%BB%D0%B8%D0%BD%D1%81%D0%BA%D0%B8%D0%B9+%D1%80%D0%B0%D0%B9%D0%BE%D0%BD
Следующая страница - https://www.avito.ru/dagestan/zemelnye_uchastki?cd=1&p=4&q=%D0%9A%D1%83%D0%BC%D1%82%D0%BE%D1%80%D0%BA%D0%B0%D0%BB%D0%B8%D0%BD%D1%81%D0%BA%D0%B8%D0%B9+%D1%80%D0%B0%D0%B9%D0%BE%D0%BD
Следующая страница - https://www.avito.ru/dagestan/zemelnye_uchastki?cd=1&p=5&q=%D0%9A%D1%83%D0%BC%D1%82%D0%BE%D1%80%D0%BA%D0%B0%D0%BB%D0%B8%D0%BD%D1%81%D0%BA%D0%B8%D0%B9+%D1%80%D0%B0%D0%B9%D0%BE%D0%BD
Следующая страница - https://www.avito.ru/dagestan/zemelnye_uchastki?cd=1&p=6&q=%D0%9A%D1%83%D0%BC%D1%82%D0%BE%D1%80%D0%BA%D0%B0%D0%BB%D0%B8%D0%BD%D1%81%D0%BA%D0%B8%D0%B9+%D1%80%D0%B0%D0%B9%D0%BE%D0%BD
Следующая страница - https://www.avito.ru/dagestan/zemelnye_uchastki?cd=1&p=7&q=%D0%9A%D1%83%D0%BC%D1%82%D0%BE%D1%80%D0%BA%D0%B0%D0%BB%D0%B8%D0%BD%D1%81%D0%BA%D0%B8%D0%B9+%D1%80%D0%B0%D0%B9%D0%BE%D0%BD
Следующая страница - https://www.avito.ru/dagestan/zemelnye_uchastki?cd=1&p=8&q=%D0%9A%D1%83%D0%BC%D1%82%D0%BE%D1%80%D0%BA%D0%B0%D0%BB%D0%B8%D0%BD%D1%81%D0%BA%D0%B8%D0%B9+%D1%80%D0%B0%D0%B9%D0%BE%D0%BD
Нет более страниц - https://www.avito.ru/dagestan/zemelnye_uchastki?cd=1&p=8&q=%D0%9A%D1%83%D0%BC%D1%82%D0%BE%D1%80%D0%BA%D0%B0%D0%BB%D0%B8%D0%BD%D1%81%D0%BA%D0%B8%D0%B9+%D1%80%D0%B0%D0%B9%D0%BE%D0%BD
Added 385 urls
Нет более страниц - https://www.avito.ru/dagestan/garazhi_i_mashinomesta?cd=1&q=%D0%9A%D1%83%D0%BC%D1%82%D0%BE%D1%80%D0%BA%D0%B0%D0%BB%D0%B8%D0%BD%D1%81%D0%BA%D0%B8%D0%B9+%D1%80%D0%B0%D0%B9%D0%BE%D0%BD
Added 52 urls
Следующая страница - https://www.avito.ru/dagestan/doma_dachi_kottedzhi/prodam-ASgBAgICAUSUA9AQ?cd=1&q=%D0%9A%D1%83%D0%BC%D1%82%D0%BE%D1%80%D0%BA%D0%B0%D0%BB%D0%B8%D0%BD%D1%81%D0%BA%D0%B8%D0%B9+%D1%80%D0%B0%D0%B9%D0%BE%D0%BD&p=2
Следующая страница - https://www.avito.ru/dagestan/doma_dachi_kottedzhi/prodam-ASgBAgICAUSUA9AQ?cd=1&p=3&q=%D0%9A%D1%83%D0%BC%D1%82%D0%BE%D1%80%D0%BA%D0%B0%D0%BB%D0%B8%D0%BD%D1%81%D0%BA%D0%B8%D0%B9+%D1%80%D0%B0%D0%B9%D0%BE%D0%BD
Нет более страниц - https://www.avito.ru/dagestan/doma_dachi_kottedzhi/prodam-ASgBAgICAUSUA9AQ?cd=1&p=3&q=%D0%9A%D1%83%D0%BC%D1%82%D0%BE%D1%80%D0%BA%D0%B0%D0%BB%D0%B8%D0%BD%D1%81%D0%BA%D0%B8%D0%B9+%D1%80%D0%B0%D0%B9%D0%BE%D0%BD
Added 145 urls
Нет более страниц - https://www.avito.ru/dagestan/kvartiry/prodam-ASgBAgICAUSSA8YQ?cd=1&q=%D0%9A%D1%83%D0%BC%D1%82%D0%BE%D1%80%D0%BA%D0%B0%D0%BB%D0%B8%D0%BD%D1%81%D0%BA%D0%B8%D0%B9+%D1%80%D0%B0%D0%B9%D0%BE%D0%BD
Added 62 urls
Нет более страниц - https://www.avito.ru/dagestan/kvartiry/prodam/vtorichka-ASgBAQICAUSSA8YQAUDmBxSMUg?cd=1&q=%D0%9A%D1%83%D0%BC%D1%82%D0%BE%D1%80%D0%BA%D0%B0%D0%BB%D0%B8%D0%BD%D1%81%D0%BA%D0%B8%D0%B9+%D1%80%D0%B0%D0%B9%D0%BE%D0%BD
Added 62 urls
Нет более страниц - https://www.avito.ru/dagestan/kommercheskaya_nedvizhimost/prodam-ASgBAgICAUSwCNJW?cd=1&q=%D0%9A%D1%83%D0%BC%D1%82%D0%BE%D1%80%D0%BA%D0%B0%D0%BB%D0%B8%D0%BD%D1%81%D0%BA%D0%B8%D0%B9+%D1%80%D0%B0%D0%B9%D0%BE%D0%BD
Added 50 urls
Нет более страниц - https://www.avito.ru/dagestan/zemelnye_uchastki?cd=1&q=%D0%94%D0%BE%D0%BA%D1%83%D0%B7%D0%BF%D0%B0%D1%80%D0%B8%D0%BD%D1%81%D0%BA%D0%B8%D0%B9+%D1%80%D0%B0%D0%B9%D0%BE
Added 65 urls
Нет более страниц - https://www.avito.ru/dagestan/doma_dachi_kottedzhi/prodam-ASgBAgICAUSUA9AQ?cd=1&q=%D0%94%D0%BE%D0%BA%D1%83%D0%B7%D0%BF%D0%B0%D1%80%D0%B8%D0%BD%D1%81%D0%BA%D0%B8%D0%B9+%D1%80%D0%B0%D0%B9%D0%BE
Added 57 urls
